<?xml version="1.0" encoding="UTF-8"?>
<testsuite xmlns:xsi="http://www.w3.org/2001/XMLSchema-instance" xsi:noNamespaceSchemaLocation="https://maven.apache.org/surefire/maven-surefire-plugin/xsd/surefire-test-report.xsd" name="TestSuite" time="19.495" tests="151" errors="0" skipped="21" failures="0">
  <properties>
    <property name="java.specification.version" value="13"/>
    <property name="sun.cpu.isalist" value="amd64"/>
    <property name="sun.jnu.encoding" value="Cp1252"/>
    <property name="java.class.path" value="D:\Caroline\Documents\CODE\QA Consulting\QA Project HWA\hwa-game-time-log\target\test-classes;D:\Caroline\Documents\CODE\QA Consulting\QA Project HWA\hwa-game-time-log\target\classes;C:\Users\Caroline\.m2\repository\mysql\mysql-connector-java\8.0.18\mysql-connector-java-8.0.18.jar;C:\Users\Caroline\.m2\repository\org\springframework\boot\spring-boot-starter-data-jpa\2.2.0.RELEASE\spring-boot-starter-data-jpa-2.2.0.RELEASE.jar;C:\Users\Caroline\.m2\repository\org\springframework\boot\spring-boot-starter-aop\2.2.0.RELEASE\spring-boot-starter-aop-2.2.0.RELEASE.jar;C:\Users\Caroline\.m2\repository\org\springframework\spring-aop\5.2.0.RELEASE\spring-aop-5.2.0.RELEASE.jar;C:\Users\Caroline\.m2\repository\org\aspectj\aspectjweaver\1.9.4\aspectjweaver-1.9.4.jar;C:\Users\Caroline\.m2\repository\org\springframework\boot\spring-boot-starter-jdbc\2.2.0.RELEASE\spring-boot-starter-jdbc-2.2.0.RELEASE.jar;C:\Users\Caroline\.m2\repository\com\zaxxer\HikariCP\3.4.1\HikariCP-3.4.1.jar;C:\Users\Caroline\.m2\repository\org\springframework\spring-jdbc\5.2.0.RELEASE\spring-jdbc-5.2.0.RELEASE.jar;C:\Users\Caroline\.m2\repository\jakarta\activation\jakarta.activation-api\1.2.1\jakarta.activation-api-1.2.1.jar;C:\Users\Caroline\.m2\repository\jakarta\persistence\jakarta.persistence-api\2.2.3\jakarta.persistence-api-2.2.3.jar;C:\Users\Caroline\.m2\repository\jakarta\transaction\jakarta.transaction-api\1.3.3\jakarta.transaction-api-1.3.3.jar;C:\Users\Caroline\.m2\repository\org\hibernate\hibernate-core\5.4.6.Final\hibernate-core-5.4.6.Final.jar;C:\Users\Caroline\.m2\repository\org\jboss\logging\jboss-logging\3.4.1.Final\jboss-logging-3.4.1.Final.jar;C:\Users\Caroline\.m2\repository\org\javassist\javassist\3.24.0-GA\javassist-3.24.0-GA.jar;C:\Users\Caroline\.m2\repository\net\bytebuddy\byte-buddy\1.10.1\byte-buddy-1.10.1.jar;C:\Users\Caroline\.m2\repository\antlr\antlr\2.7.7\antlr-2.7.7.jar;C:\Users\Caroline\.m2\repository\org\jboss\jandex\2.0.5.Final\jandex-2.0.5.Final.jar;C:\Users\Caroline\.m2\repository\com\fasterxml\classmate\1.5.0\classmate-1.5.0.jar;C:\Users\Caroline\.m2\repository\org\dom4j\dom4j\2.1.1\dom4j-2.1.1.jar;C:\Users\Caroline\.m2\repository\org\hibernate\common\hibernate-commons-annotations\5.1.0.Final\hibernate-commons-annotations-5.1.0.Final.jar;C:\Users\Caroline\.m2\repository\org\glassfish\jaxb\jaxb-runtime\2.3.2\jaxb-runtime-2.3.2.jar;C:\Users\Caroline\.m2\repository\org\glassfish\jaxb\txw2\2.3.2\txw2-2.3.2.jar;C:\Users\Caroline\.m2\repository\com\sun\istack\istack-commons-runtime\3.0.8\istack-commons-runtime-3.0.8.jar;C:\Users\Caroline\.m2\repository\org\jvnet\staxex\stax-ex\1.8.1\stax-ex-1.8.1.jar;C:\Users\Caroline\.m2\repository\com\sun\xml\fastinfoset\FastInfoset\1.2.16\FastInfoset-1.2.16.jar;C:\Users\Caroline\.m2\repository\org\springframework\data\spring-data-jpa\2.2.0.RELEASE\spring-data-jpa-2.2.0.RELEASE.jar;C:\Users\Caroline\.m2\repository\org\springframework\data\spring-data-commons\2.2.0.RELEASE\spring-data-commons-2.2.0.RELEASE.jar;C:\Users\Caroline\.m2\repository\org\springframework\spring-orm\5.2.0.RELEASE\spring-orm-5.2.0.RELEASE.jar;C:\Users\Caroline\.m2\repository\org\springframework\spring-context\5.2.0.RELEASE\spring-context-5.2.0.RELEASE.jar;C:\Users\Caroline\.m2\repository\org\springframework\spring-tx\5.2.0.RELEASE\spring-tx-5.2.0.RELEASE.jar;C:\Users\Caroline\.m2\repository\org\springframework\spring-beans\5.2.0.RELEASE\spring-beans-5.2.0.RELEASE.jar;C:\Users\Caroline\.m2\repository\org\slf4j\slf4j-api\1.7.28\slf4j-api-1.7.28.jar;C:\Users\Caroline\.m2\repository\org\springframework\spring-aspects\5.2.0.RELEASE\spring-aspects-5.2.0.RELEASE.jar;C:\Users\Caroline\.m2\repository\org\springframework\boot\spring-boot-starter-test\2.2.0.RELEASE\spring-boot-starter-test-2.2.0.RELEASE.jar;C:\Users\Caroline\.m2\repository\org\springframework\boot\spring-boot-starter\2.2.0.RELEASE\spring-boot-starter-2.2.0.RELEASE.jar;C:\Users\Caroline\.m2\repository\org\springframework\boot\spring-boot\2.2.0.RELEASE\spring-boot-2.2.0.RELEASE.jar;C:\Users\Caroline\.m2\repository\org\springframework\boot\spring-boot-autoconfigure\2.2.0.RELEASE\spring-boot-autoconfigure-2.2.0.RELEASE.jar;C:\Users\Caroline\.m2\repository\org\springframework\boot\spring-boot-starter-logging\2.2.0.RELEASE\spring-boot-starter-logging-2.2.0.RELEASE.jar;C:\Users\Caroline\.m2\repository\ch\qos\logback\logback-classic\1.2.3\logback-classic-1.2.3.jar;C:\Users\Caroline\.m2\repository\ch\qos\logback\logback-core\1.2.3\logback-core-1.2.3.jar;C:\Users\Caroline\.m2\repository\org\apache\logging\log4j\log4j-to-slf4j\2.12.1\log4j-to-slf4j-2.12.1.jar;C:\Users\Caroline\.m2\repository\org\apache\logging\log4j\log4j-api\2.12.1\log4j-api-2.12.1.jar;C:\Users\Caroline\.m2\repository\org\slf4j\jul-to-slf4j\1.7.28\jul-to-slf4j-1.7.28.jar;C:\Users\Caroline\.m2\repository\org\springframework\boot\spring-boot-test\2.2.0.RELEASE\spring-boot-test-2.2.0.RELEASE.jar;C:\Users\Caroline\.m2\repository\org\springframework\boot\spring-boot-test-autoconfigure\2.2.0.RELEASE\spring-boot-test-autoconfigure-2.2.0.RELEASE.jar;C:\Users\Caroline\.m2\repository\com\jayway\jsonpath\json-path\2.4.0\json-path-2.4.0.jar;C:\Users\Caroline\.m2\repository\net\minidev\json-smart\2.3\json-smart-2.3.jar;C:\Users\Caroline\.m2\repository\net\minidev\accessors-smart\1.2\accessors-smart-1.2.jar;C:\Users\Caroline\.m2\repository\org\ow2\asm\asm\5.0.4\asm-5.0.4.jar;C:\Users\Caroline\.m2\repository\jakarta\xml\bind\jakarta.xml.bind-api\2.3.2\jakarta.xml.bind-api-2.3.2.jar;C:\Users\Caroline\.m2\repository\org\junit\jupiter\junit-jupiter\5.5.2\junit-jupiter-5.5.2.jar;C:\Users\Caroline\.m2\repository\org\junit\jupiter\junit-jupiter-api\5.5.2\junit-jupiter-api-5.5.2.jar;C:\Users\Caroline\.m2\repository\org\opentest4j\opentest4j\1.2.0\opentest4j-1.2.0.jar;C:\Users\Caroline\.m2\repository\org\junit\platform\junit-platform-commons\1.5.2\junit-platform-commons-1.5.2.jar;C:\Users\Caroline\.m2\repository\org\junit\jupiter\junit-jupiter-params\5.5.2\junit-jupiter-params-5.5.2.jar;C:\Users\Caroline\.m2\repository\org\junit\jupiter\junit-jupiter-engine\5.5.2\junit-jupiter-engine-5.5.2.jar;C:\Users\Caroline\.m2\repository\org\junit\vintage\junit-vintage-engine\5.5.2\junit-vintage-engine-5.5.2.jar;C:\Users\Caroline\.m2\repository\org\apiguardian\apiguardian-api\1.1.0\apiguardian-api-1.1.0.jar;C:\Users\Caroline\.m2\repository\org\junit\platform\junit-platform-engine\1.5.2\junit-platform-engine-1.5.2.jar;C:\Users\Caroline\.m2\repository\junit\junit\4.12\junit-4.12.jar;C:\Users\Caroline\.m2\repository\org\mockito\mockito-junit-jupiter\3.1.0\mockito-junit-jupiter-3.1.0.jar;C:\Users\Caroline\.m2\repository\org\assertj\assertj-core\3.13.2\assertj-core-3.13.2.jar;C:\Users\Caroline\.m2\repository\org\hamcrest\hamcrest\2.1\hamcrest-2.1.jar;C:\Users\Caroline\.m2\repository\org\mockito\mockito-core\3.1.0\mockito-core-3.1.0.jar;C:\Users\Caroline\.m2\repository\net\bytebuddy\byte-buddy-agent\1.10.1\byte-buddy-agent-1.10.1.jar;C:\Users\Caroline\.m2\repository\org\objenesis\objenesis\2.6\objenesis-2.6.jar;C:\Users\Caroline\.m2\repository\org\skyscreamer\jsonassert\1.5.0\jsonassert-1.5.0.jar;C:\Users\Caroline\.m2\repository\com\vaadin\external\google\android-json\0.0.20131108.vaadin1\android-json-0.0.20131108.vaadin1.jar;C:\Users\Caroline\.m2\repository\org\springframework\spring-core\5.2.0.RELEASE\spring-core-5.2.0.RELEASE.jar;C:\Users\Caroline\.m2\repository\org\springframework\spring-jcl\5.2.0.RELEASE\spring-jcl-5.2.0.RELEASE.jar;C:\Users\Caroline\.m2\repository\org\springframework\spring-test\5.2.0.RELEASE\spring-test-5.2.0.RELEASE.jar;C:\Users\Caroline\.m2\repository\org\xmlunit\xmlunit-core\2.6.3\xmlunit-core-2.6.3.jar;C:\Users\Caroline\.m2\repository\org\springframework\boot\spring-boot-starter-tomcat\2.2.0.RELEASE\spring-boot-starter-tomcat-2.2.0.RELEASE.jar;C:\Users\Caroline\.m2\repository\jakarta\annotation\jakarta.annotation-api\1.3.5\jakarta.annotation-api-1.3.5.jar;C:\Users\Caroline\.m2\repository\org\apache\tomcat\embed\tomcat-embed-core\9.0.27\tomcat-embed-core-9.0.27.jar;C:\Users\Caroline\.m2\repository\org\apache\tomcat\embed\tomcat-embed-el\9.0.27\tomcat-embed-el-9.0.27.jar;C:\Users\Caroline\.m2\repository\org\apache\tomcat\embed\tomcat-embed-websocket\9.0.27\tomcat-embed-websocket-9.0.27.jar;C:\Users\Caroline\.m2\repository\org\springframework\boot\spring-boot-starter-web\2.2.0.RELEASE\spring-boot-starter-web-2.2.0.RELEASE.jar;C:\Users\Caroline\.m2\repository\org\springframework\boot\spring-boot-starter-json\2.2.0.RELEASE\spring-boot-starter-json-2.2.0.RELEASE.jar;C:\Users\Caroline\.m2\repository\com\fasterxml\jackson\core\jackson-databind\2.10.0\jackson-databind-2.10.0.jar;C:\Users\Caroline\.m2\repository\com\fasterxml\jackson\core\jackson-annotations\2.10.0\jackson-annotations-2.10.0.jar;C:\Users\Caroline\.m2\repository\com\fasterxml\jackson\core\jackson-core\2.10.0\jackson-core-2.10.0.jar;C:\Users\Caroline\.m2\repository\com\fasterxml\jackson\datatype\jackson-datatype-jdk8\2.10.0\jackson-datatype-jdk8-2.10.0.jar;C:\Users\Caroline\.m2\repository\com\fasterxml\jackson\datatype\jackson-datatype-jsr310\2.10.0\jackson-datatype-jsr310-2.10.0.jar;C:\Users\Caroline\.m2\repository\com\fasterxml\jackson\module\jackson-module-parameter-names\2.10.0\jackson-module-parameter-names-2.10.0.jar;C:\Users\Caroline\.m2\repository\org\springframework\boot\spring-boot-starter-validation\2.2.0.RELEASE\spring-boot-starter-validation-2.2.0.RELEASE.jar;C:\Users\Caroline\.m2\repository\jakarta\validation\jakarta.validation-api\2.0.1\jakarta.validation-api-2.0.1.jar;C:\Users\Caroline\.m2\repository\org\hibernate\validator\hibernate-validator\6.0.17.Final\hibernate-validator-6.0.17.Final.jar;C:\Users\Caroline\.m2\repository\org\springframework\spring-web\5.2.0.RELEASE\spring-web-5.2.0.RELEASE.jar;C:\Users\Caroline\.m2\repository\org\springframework\spring-webmvc\5.2.0.RELEASE\spring-webmvc-5.2.0.RELEASE.jar;C:\Users\Caroline\.m2\repository\org\springframework\spring-expression\5.2.0.RELEASE\spring-expression-5.2.0.RELEASE.jar;C:\Users\Caroline\.m2\repository\org\modelmapper\modelmapper\2.3.5\modelmapper-2.3.5.jar;C:\Users\Caroline\.m2\repository\org\seleniumhq\selenium\selenium-chrome-driver\2.53.1\selenium-chrome-driver-2.53.1.jar;C:\Users\Caroline\.m2\repository\org\seleniumhq\selenium\selenium-remote-driver\3.141.59\selenium-remote-driver-3.141.59.jar;C:\Users\Caroline\.m2\repository\org\seleniumhq\selenium\selenium-api\3.141.59\selenium-api-3.141.59.jar;C:\Users\Caroline\.m2\repository\org\apache\commons\commons-exec\1.3\commons-exec-1.3.jar;C:\Users\Caroline\.m2\repository\com\google\guava\guava\25.0-jre\guava-25.0-jre.jar;C:\Users\Caroline\.m2\repository\com\google\code\findbugs\jsr305\1.3.9\jsr305-1.3.9.jar;C:\Users\Caroline\.m2\repository\org\checkerframework\checker-compat-qual\2.0.0\checker-compat-qual-2.0.0.jar;C:\Users\Caroline\.m2\repository\com\google\errorprone\error_prone_annotations\2.1.3\error_prone_annotations-2.1.3.jar;C:\Users\Caroline\.m2\repository\com\google\j2objc\j2objc-annotations\1.1\j2objc-annotations-1.1.jar;C:\Users\Caroline\.m2\repository\org\codehaus\mojo\animal-sniffer-annotations\1.14\animal-sniffer-annotations-1.14.jar;C:\Users\Caroline\.m2\repository\com\squareup\okhttp3\okhttp\3.14.4\okhttp-3.14.4.jar;C:\Users\Caroline\.m2\repository\com\squareup\okio\okio\1.14.0\okio-1.14.0.jar;C:\Users\Caroline\.m2\repository\org\seleniumhq\selenium\selenium-support\2.53.1\selenium-support-2.53.1.jar;C:\Users\Caroline\.m2\repository\org\apache\maven\plugins\maven-surefire-plugin\2.19.1\maven-surefire-plugin-2.19.1.jar;C:\Users\Caroline\.m2\repository\org\apache\maven\maven-plugin-api\2.2.1\maven-plugin-api-2.2.1.jar;C:\Users\Caroline\.m2\repository\org\apache\maven\surefire\maven-surefire-common\2.19.1\maven-surefire-common-2.19.1.jar;C:\Users\Caroline\.m2\repository\org\apache\maven\surefire\surefire-booter\2.19.1\surefire-booter-2.19.1.jar;C:\Users\Caroline\.m2\repository\org\apache\maven\maven-artifact\2.2.1\maven-artifact-2.2.1.jar;C:\Users\Caroline\.m2\repository\org\codehaus\plexus\plexus-utils\1.5.15\plexus-utils-1.5.15.jar;C:\Users\Caroline\.m2\repository\org\apache\maven\maven-plugin-descriptor\2.2.1\maven-plugin-descriptor-2.2.1.jar;C:\Users\Caroline\.m2\repository\org\codehaus\plexus\plexus-container-default\1.0-alpha-9-stable-1\plexus-container-default-1.0-alpha-9-stable-1.jar;C:\Users\Caroline\.m2\repository\org\apache\maven\maven-project\2.2.1\maven-project-2.2.1.jar;C:\Users\Caroline\.m2\repository\org\apache\maven\maven-settings\2.2.1\maven-settings-2.2.1.jar;C:\Users\Caroline\.m2\repository\org\apache\maven\maven-profile\2.2.1\maven-profile-2.2.1.jar;C:\Users\Caroline\.m2\repository\org\apache\maven\maven-artifact-manager\2.2.1\maven-artifact-manager-2.2.1.jar;C:\Users\Caroline\.m2\repository\backport-util-concurrent\backport-util-concurrent\3.1\backport-util-concurrent-3.1.jar;C:\Users\Caroline\.m2\repository\org\apache\maven\maven-plugin-registry\2.2.1\maven-plugin-registry-2.2.1.jar;C:\Users\Caroline\.m2\repository\org\codehaus\plexus\plexus-interpolation\1.11\plexus-interpolation-1.11.jar;C:\Users\Caroline\.m2\repository\org\apache\maven\maven-model\2.2.1\maven-model-2.2.1.jar;C:\Users\Caroline\.m2\repository\org\apache\maven\maven-core\2.2.1\maven-core-2.2.1.jar;C:\Users\Caroline\.m2\repository\org\apache\maven\maven-plugin-parameter-documenter\2.2.1\maven-plugin-parameter-documenter-2.2.1.jar;C:\Users\Caroline\.m2\repository\org\apache\maven\wagon\wagon-http\1.0-beta-6\wagon-http-1.0-beta-6.jar;C:\Users\Caroline\.m2\repository\org\apache\maven\wagon\wagon-http-shared\1.0-beta-6\wagon-http-shared-1.0-beta-6.jar;C:\Users\Caroline\.m2\repository\nekohtml\xercesMinimal\1.9.6.2\xercesMinimal-1.9.6.2.jar;C:\Users\Caroline\.m2\repository\nekohtml\nekohtml\1.9.6.2\nekohtml-1.9.6.2.jar;C:\Users\Caroline\.m2\repository\commons-httpclient\commons-httpclient\3.1\commons-httpclient-3.1.jar;C:\Users\Caroline\.m2\repository\org\apache\maven\wagon\wagon-webdav-jackrabbit\1.0-beta-6\wagon-webdav-jackrabbit-1.0-beta-6.jar;C:\Users\Caroline\.m2\repository\org\apache\jackrabbit\jackrabbit-webdav\1.5.0\jackrabbit-webdav-1.5.0.jar;C:\Users\Caroline\.m2\repository\org\apache\jackrabbit\jackrabbit-jcr-commons\1.5.0\jackrabbit-jcr-commons-1.5.0.jar;C:\Users\Caroline\.m2\repository\org\slf4j\slf4j-nop\1.7.28\slf4j-nop-1.7.28.jar;C:\Users\Caroline\.m2\repository\org\slf4j\slf4j-jdk14\1.7.28\slf4j-jdk14-1.7.28.jar;C:\Users\Caroline\.m2\repository\org\slf4j\jcl-over-slf4j\1.7.28\jcl-over-slf4j-1.7.28.jar;C:\Users\Caroline\.m2\repository\org\apache\maven\reporting\maven-reporting-api\2.2.1\maven-reporting-api-2.2.1.jar;C:\Users\Caroline\.m2\repository\org\apache\maven\doxia\doxia-logging-api\1.1\doxia-logging-api-1.1.jar;C:\Users\Caroline\.m2\repository\org\apache\maven\wagon\wagon-provider-api\1.0-beta-6\wagon-provider-api-1.0-beta-6.jar;C:\Users\Caroline\.m2\repository\org\apache\maven\maven-repository-metadata\2.2.1\maven-repository-metadata-2.2.1.jar;C:\Users\Caroline\.m2\repository\org\apache\maven\maven-error-diagnostics\2.2.1\maven-error-diagnostics-2.2.1.jar;C:\Users\Caroline\.m2\repository\org\apache\maven\maven-monitor\2.2.1\maven-monitor-2.2.1.jar;C:\Users\Caroline\.m2\repository\classworlds\classworlds\1.1\classworlds-1.1.jar;C:\Users\Caroline\.m2\repository\org\sonatype\plexus\plexus-sec-dispatcher\1.3\plexus-sec-dispatcher-1.3.jar;C:\Users\Caroline\.m2\repository\org\sonatype\plexus\plexus-cipher\1.4\plexus-cipher-1.4.jar;C:\Users\Caroline\.m2\repository\org\apache\commons\commons-lang3\3.9\commons-lang3-3.9.jar;C:\Users\Caroline\.m2\repository\org\apache\maven\surefire\surefire-api\2.19.1\surefire-api-2.19.1.jar;C:\Users\Caroline\.m2\repository\org\apache\maven\maven-toolchain\2.2.1\maven-toolchain-2.2.1.jar;C:\Users\Caroline\.m2\repository\org\apache\maven\plugin-tools\maven-plugin-annotations\3.3\maven-plugin-annotations-3.3.jar;C:\Users\Caroline\.m2\repository\org\apache\poi\poi-ooxml\3.15\poi-ooxml-3.15.jar;C:\Users\Caroline\.m2\repository\org\apache\poi\poi\3.15\poi-3.15.jar;C:\Users\Caroline\.m2\repository\commons-codec\commons-codec\1.13\commons-codec-1.13.jar;C:\Users\Caroline\.m2\repository\org\apache\commons\commons-collections4\4.1\commons-collections4-4.1.jar;C:\Users\Caroline\.m2\repository\org\apache\poi\poi-ooxml-schemas\3.15\poi-ooxml-schemas-3.15.jar;C:\Users\Caroline\.m2\repository\org\apache\xmlbeans\xmlbeans\2.6.0\xmlbeans-2.6.0.jar;C:\Users\Caroline\.m2\repository\stax\stax-api\1.0.1\stax-api-1.0.1.jar;C:\Users\Caroline\.m2\repository\com\github\virtuald\curvesapi\1.04\curvesapi-1.04.jar;C:\Users\Caroline\.m2\repository\commons-io\commons-io\2.4\commons-io-2.4.jar;C:\Users\Caroline\.m2\repository\com\relevantcodes\extentreports\2.41.2\extentreports-2.41.2.jar;C:\Users\Caroline\.m2\repository\org\jsoup\jsoup\1.8.3\jsoup-1.8.3.jar;C:\Users\Caroline\.m2\repository\org\xerial\sqlite-jdbc\3.28.0\sqlite-jdbc-3.28.0.jar;C:\Users\Caroline\.m2\repository\org\freemarker\freemarker\2.3.29\freemarker-2.3.29.jar;C:\Users\Caroline\.m2\repository\org\mongodb\mongodb-driver\3.11.1\mongodb-driver-3.11.1.jar;C:\Users\Caroline\.m2\repository\org\mongodb\bson\3.11.1\bson-3.11.1.jar;C:\Users\Caroline\.m2\repository\org\mongodb\mongodb-driver-core\3.11.1\mongodb-driver-core-3.11.1.jar;C:\Users\Caroline\.m2\repository\org\testng\testng\6.11\testng-6.11.jar;C:\Users\Caroline\.m2\repository\com\beust\jcommander\1.64\jcommander-1.64.jar;C:\Users\Caroline\.m2\repository\org\yaml\snakeyaml\1.25\snakeyaml-1.25.jar;"/>
    <property name="java.vm.vendor" value="Oracle Corporation"/>
    <property name="sun.arch.data.model" value="64"/>
    <property name="user.variant" value=""/>
    <property name="java.vendor.url" value="https://java.oracle.com/"/>
    <property name="user.timezone" value="Europe/London"/>
    <property name="os.name" value="Windows 10"/>
    <property name="java.vm.specification.version" value="13"/>
    <property name="sun.java.launcher" value="SUN_STANDARD"/>
    <property name="user.country" value="GB"/>
    <property name="sun.boot.library.path" value="C:\Program Files\Java\jdk-13.0.2\bin"/>
    <property name="sun.java.command" value="C:\Users\Caroline\AppData\Local\Temp\surefire15713091053042751958\surefirebooter6498840096021962675.jar C:\Users\Caroline\AppData\Local\Temp\surefire15713091053042751958 2020-05-18T15-25-58_845-jvmRun1 surefire5152023592311314143tmp surefire_012381423485370851980tmp"/>
    <property name="jdk.debug" value="release"/>
    <property name="surefire.test.class.path" value="D:\Caroline\Documents\CODE\QA Consulting\QA Project HWA\hwa-game-time-log\target\test-classes;D:\Caroline\Documents\CODE\QA Consulting\QA Project HWA\hwa-game-time-log\target\classes;C:\Users\Caroline\.m2\repository\mysql\mysql-connector-java\8.0.18\mysql-connector-java-8.0.18.jar;C:\Users\Caroline\.m2\repository\org\springframework\boot\spring-boot-starter-data-jpa\2.2.0.RELEASE\spring-boot-starter-data-jpa-2.2.0.RELEASE.jar;C:\Users\Caroline\.m2\repository\org\springframework\boot\spring-boot-starter-aop\2.2.0.RELEASE\spring-boot-starter-aop-2.2.0.RELEASE.jar;C:\Users\Caroline\.m2\repository\org\springframework\spring-aop\5.2.0.RELEASE\spring-aop-5.2.0.RELEASE.jar;C:\Users\Caroline\.m2\repository\org\aspectj\aspectjweaver\1.9.4\aspectjweaver-1.9.4.jar;C:\Users\Caroline\.m2\repository\org\springframework\boot\spring-boot-starter-jdbc\2.2.0.RELEASE\spring-boot-starter-jdbc-2.2.0.RELEASE.jar;C:\Users\Caroline\.m2\repository\com\zaxxer\HikariCP\3.4.1\HikariCP-3.4.1.jar;C:\Users\Caroline\.m2\repository\org\springframework\spring-jdbc\5.2.0.RELEASE\spring-jdbc-5.2.0.RELEASE.jar;C:\Users\Caroline\.m2\repository\jakarta\activation\jakarta.activation-api\1.2.1\jakarta.activation-api-1.2.1.jar;C:\Users\Caroline\.m2\repository\jakarta\persistence\jakarta.persistence-api\2.2.3\jakarta.persistence-api-2.2.3.jar;C:\Users\Caroline\.m2\repository\jakarta\transaction\jakarta.transaction-api\1.3.3\jakarta.transaction-api-1.3.3.jar;C:\Users\Caroline\.m2\repository\org\hibernate\hibernate-core\5.4.6.Final\hibernate-core-5.4.6.Final.jar;C:\Users\Caroline\.m2\repository\org\jboss\logging\jboss-logging\3.4.1.Final\jboss-logging-3.4.1.Final.jar;C:\Users\Caroline\.m2\repository\org\javassist\javassist\3.24.0-GA\javassist-3.24.0-GA.jar;C:\Users\Caroline\.m2\repository\net\bytebuddy\byte-buddy\1.10.1\byte-buddy-1.10.1.jar;C:\Users\Caroline\.m2\repository\antlr\antlr\2.7.7\antlr-2.7.7.jar;C:\Users\Caroline\.m2\repository\org\jboss\jandex\2.0.5.Final\jandex-2.0.5.Final.jar;C:\Users\Caroline\.m2\repository\com\fasterxml\classmate\1.5.0\classmate-1.5.0.jar;C:\Users\Caroline\.m2\repository\org\dom4j\dom4j\2.1.1\dom4j-2.1.1.jar;C:\Users\Caroline\.m2\repository\org\hibernate\common\hibernate-commons-annotations\5.1.0.Final\hibernate-commons-annotations-5.1.0.Final.jar;C:\Users\Caroline\.m2\repository\org\glassfish\jaxb\jaxb-runtime\2.3.2\jaxb-runtime-2.3.2.jar;C:\Users\Caroline\.m2\repository\org\glassfish\jaxb\txw2\2.3.2\txw2-2.3.2.jar;C:\Users\Caroline\.m2\repository\com\sun\istack\istack-commons-runtime\3.0.8\istack-commons-runtime-3.0.8.jar;C:\Users\Caroline\.m2\repository\org\jvnet\staxex\stax-ex\1.8.1\stax-ex-1.8.1.jar;C:\Users\Caroline\.m2\repository\com\sun\xml\fastinfoset\FastInfoset\1.2.16\FastInfoset-1.2.16.jar;C:\Users\Caroline\.m2\repository\org\springframework\data\spring-data-jpa\2.2.0.RELEASE\spring-data-jpa-2.2.0.RELEASE.jar;C:\Users\Caroline\.m2\repository\org\springframework\data\spring-data-commons\2.2.0.RELEASE\spring-data-commons-2.2.0.RELEASE.jar;C:\Users\Caroline\.m2\repository\org\springframework\spring-orm\5.2.0.RELEASE\spring-orm-5.2.0.RELEASE.jar;C:\Users\Caroline\.m2\repository\org\springframework\spring-context\5.2.0.RELEASE\spring-context-5.2.0.RELEASE.jar;C:\Users\Caroline\.m2\repository\org\springframework\spring-tx\5.2.0.RELEASE\spring-tx-5.2.0.RELEASE.jar;C:\Users\Caroline\.m2\repository\org\springframework\spring-beans\5.2.0.RELEASE\spring-beans-5.2.0.RELEASE.jar;C:\Users\Caroline\.m2\repository\org\slf4j\slf4j-api\1.7.28\slf4j-api-1.7.28.jar;C:\Users\Caroline\.m2\repository\org\springframework\spring-aspects\5.2.0.RELEASE\spring-aspects-5.2.0.RELEASE.jar;C:\Users\Caroline\.m2\repository\org\springframework\boot\spring-boot-starter-test\2.2.0.RELEASE\spring-boot-starter-test-2.2.0.RELEASE.jar;C:\Users\Caroline\.m2\repository\org\springframework\boot\spring-boot-starter\2.2.0.RELEASE\spring-boot-starter-2.2.0.RELEASE.jar;C:\Users\Caroline\.m2\repository\org\springframework\boot\spring-boot\2.2.0.RELEASE\spring-boot-2.2.0.RELEASE.jar;C:\Users\Caroline\.m2\repository\org\springframework\boot\spring-boot-autoconfigure\2.2.0.RELEASE\spring-boot-autoconfigure-2.2.0.RELEASE.jar;C:\Users\Caroline\.m2\repository\org\springframework\boot\spring-boot-starter-logging\2.2.0.RELEASE\spring-boot-starter-logging-2.2.0.RELEASE.jar;C:\Users\Caroline\.m2\repository\ch\qos\logback\logback-classic\1.2.3\logback-classic-1.2.3.jar;C:\Users\Caroline\.m2\repository\ch\qos\logback\logback-core\1.2.3\logback-core-1.2.3.jar;C:\Users\Caroline\.m2\repository\org\apache\logging\log4j\log4j-to-slf4j\2.12.1\log4j-to-slf4j-2.12.1.jar;C:\Users\Caroline\.m2\repository\org\apache\logging\log4j\log4j-api\2.12.1\log4j-api-2.12.1.jar;C:\Users\Caroline\.m2\repository\org\slf4j\jul-to-slf4j\1.7.28\jul-to-slf4j-1.7.28.jar;C:\Users\Caroline\.m2\repository\org\springframework\boot\spring-boot-test\2.2.0.RELEASE\spring-boot-test-2.2.0.RELEASE.jar;C:\Users\Caroline\.m2\repository\org\springframework\boot\spring-boot-test-autoconfigure\2.2.0.RELEASE\spring-boot-test-autoconfigure-2.2.0.RELEASE.jar;C:\Users\Caroline\.m2\repository\com\jayway\jsonpath\json-path\2.4.0\json-path-2.4.0.jar;C:\Users\Caroline\.m2\repository\net\minidev\json-smart\2.3\json-smart-2.3.jar;C:\Users\Caroline\.m2\repository\net\minidev\accessors-smart\1.2\accessors-smart-1.2.jar;C:\Users\Caroline\.m2\repository\org\ow2\asm\asm\5.0.4\asm-5.0.4.jar;C:\Users\Caroline\.m2\repository\jakarta\xml\bind\jakarta.xml.bind-api\2.3.2\jakarta.xml.bind-api-2.3.2.jar;C:\Users\Caroline\.m2\repository\org\junit\jupiter\junit-jupiter\5.5.2\junit-jupiter-5.5.2.jar;C:\Users\Caroline\.m2\repository\org\junit\jupiter\junit-jupiter-api\5.5.2\junit-jupiter-api-5.5.2.jar;C:\Users\Caroline\.m2\repository\org\opentest4j\opentest4j\1.2.0\opentest4j-1.2.0.jar;C:\Users\Caroline\.m2\repository\org\junit\platform\junit-platform-commons\1.5.2\junit-platform-commons-1.5.2.jar;C:\Users\Caroline\.m2\repository\org\junit\jupiter\junit-jupiter-params\5.5.2\junit-jupiter-params-5.5.2.jar;C:\Users\Caroline\.m2\repository\org\junit\jupiter\junit-jupiter-engine\5.5.2\junit-jupiter-engine-5.5.2.jar;C:\Users\Caroline\.m2\repository\org\junit\vintage\junit-vintage-engine\5.5.2\junit-vintage-engine-5.5.2.jar;C:\Users\Caroline\.m2\repository\org\apiguardian\apiguardian-api\1.1.0\apiguardian-api-1.1.0.jar;C:\Users\Caroline\.m2\repository\org\junit\platform\junit-platform-engine\1.5.2\junit-platform-engine-1.5.2.jar;C:\Users\Caroline\.m2\repository\junit\junit\4.12\junit-4.12.jar;C:\Users\Caroline\.m2\repository\org\mockito\mockito-junit-jupiter\3.1.0\mockito-junit-jupiter-3.1.0.jar;C:\Users\Caroline\.m2\repository\org\assertj\assertj-core\3.13.2\assertj-core-3.13.2.jar;C:\Users\Caroline\.m2\repository\org\hamcrest\hamcrest\2.1\hamcrest-2.1.jar;C:\Users\Caroline\.m2\repository\org\mockito\mockito-core\3.1.0\mockito-core-3.1.0.jar;C:\Users\Caroline\.m2\repository\net\bytebuddy\byte-buddy-agent\1.10.1\byte-buddy-agent-1.10.1.jar;C:\Users\Caroline\.m2\repository\org\objenesis\objenesis\2.6\objenesis-2.6.jar;C:\Users\Caroline\.m2\repository\org\skyscreamer\jsonassert\1.5.0\jsonassert-1.5.0.jar;C:\Users\Caroline\.m2\repository\com\vaadin\external\google\android-json\0.0.20131108.vaadin1\android-json-0.0.20131108.vaadin1.jar;C:\Users\Caroline\.m2\repository\org\springframework\spring-core\5.2.0.RELEASE\spring-core-5.2.0.RELEASE.jar;C:\Users\Caroline\.m2\repository\org\springframework\spring-jcl\5.2.0.RELEASE\spring-jcl-5.2.0.RELEASE.jar;C:\Users\Caroline\.m2\repository\org\springframework\spring-test\5.2.0.RELEASE\spring-test-5.2.0.RELEASE.jar;C:\Users\Caroline\.m2\repository\org\xmlunit\xmlunit-core\2.6.3\xmlunit-core-2.6.3.jar;C:\Users\Caroline\.m2\repository\org\springframework\boot\spring-boot-starter-tomcat\2.2.0.RELEASE\spring-boot-starter-tomcat-2.2.0.RELEASE.jar;C:\Users\Caroline\.m2\repository\jakarta\annotation\jakarta.annotation-api\1.3.5\jakarta.annotation-api-1.3.5.jar;C:\Users\Caroline\.m2\repository\org\apache\tomcat\embed\tomcat-embed-core\9.0.27\tomcat-embed-core-9.0.27.jar;C:\Users\Caroline\.m2\repository\org\apache\tomcat\embed\tomcat-embed-el\9.0.27\tomcat-embed-el-9.0.27.jar;C:\Users\Caroline\.m2\repository\org\apache\tomcat\embed\tomcat-embed-websocket\9.0.27\tomcat-embed-websocket-9.0.27.jar;C:\Users\Caroline\.m2\repository\org\springframework\boot\spring-boot-starter-web\2.2.0.RELEASE\spring-boot-starter-web-2.2.0.RELEASE.jar;C:\Users\Caroline\.m2\repository\org\springframework\boot\spring-boot-starter-json\2.2.0.RELEASE\spring-boot-starter-json-2.2.0.RELEASE.jar;C:\Users\Caroline\.m2\repository\com\fasterxml\jackson\core\jackson-databind\2.10.0\jackson-databind-2.10.0.jar;C:\Users\Caroline\.m2\repository\com\fasterxml\jackson\core\jackson-annotations\2.10.0\jackson-annotations-2.10.0.jar;C:\Users\Caroline\.m2\repository\com\fasterxml\jackson\core\jackson-core\2.10.0\jackson-core-2.10.0.jar;C:\Users\Caroline\.m2\repository\com\fasterxml\jackson\datatype\jackson-datatype-jdk8\2.10.0\jackson-datatype-jdk8-2.10.0.jar;C:\Users\Caroline\.m2\repository\com\fasterxml\jackson\datatype\jackson-datatype-jsr310\2.10.0\jackson-datatype-jsr310-2.10.0.jar;C:\Users\Caroline\.m2\repository\com\fasterxml\jackson\module\jackson-module-parameter-names\2.10.0\jackson-module-parameter-names-2.10.0.jar;C:\Users\Caroline\.m2\repository\org\springframework\boot\spring-boot-starter-validation\2.2.0.RELEASE\spring-boot-starter-validation-2.2.0.RELEASE.jar;C:\Users\Caroline\.m2\repository\jakarta\validation\jakarta.validation-api\2.0.1\jakarta.validation-api-2.0.1.jar;C:\Users\Caroline\.m2\repository\org\hibernate\validator\hibernate-validator\6.0.17.Final\hibernate-validator-6.0.17.Final.jar;C:\Users\Caroline\.m2\repository\org\springframework\spring-web\5.2.0.RELEASE\spring-web-5.2.0.RELEASE.jar;C:\Users\Caroline\.m2\repository\org\springframework\spring-webmvc\5.2.0.RELEASE\spring-webmvc-5.2.0.RELEASE.jar;C:\Users\Caroline\.m2\repository\org\springframework\spring-expression\5.2.0.RELEASE\spring-expression-5.2.0.RELEASE.jar;C:\Users\Caroline\.m2\repository\org\modelmapper\modelmapper\2.3.5\modelmapper-2.3.5.jar;C:\Users\Caroline\.m2\repository\org\seleniumhq\selenium\selenium-chrome-driver\2.53.1\selenium-chrome-driver-2.53.1.jar;C:\Users\Caroline\.m2\repository\org\seleniumhq\selenium\selenium-remote-driver\3.141.59\selenium-remote-driver-3.141.59.jar;C:\Users\Caroline\.m2\repository\org\seleniumhq\selenium\selenium-api\3.141.59\selenium-api-3.141.59.jar;C:\Users\Caroline\.m2\repository\org\apache\commons\commons-exec\1.3\commons-exec-1.3.jar;C:\Users\Caroline\.m2\repository\com\google\guava\guava\25.0-jre\guava-25.0-jre.jar;C:\Users\Caroline\.m2\repository\com\google\code\findbugs\jsr305\1.3.9\jsr305-1.3.9.jar;C:\Users\Caroline\.m2\repository\org\checkerframework\checker-compat-qual\2.0.0\checker-compat-qual-2.0.0.jar;C:\Users\Caroline\.m2\repository\com\google\errorprone\error_prone_annotations\2.1.3\error_prone_annotations-2.1.3.jar;C:\Users\Caroline\.m2\repository\com\google\j2objc\j2objc-annotations\1.1\j2objc-annotations-1.1.jar;C:\Users\Caroline\.m2\repository\org\codehaus\mojo\animal-sniffer-annotations\1.14\animal-sniffer-annotations-1.14.jar;C:\Users\Caroline\.m2\repository\com\squareup\okhttp3\okhttp\3.14.4\okhttp-3.14.4.jar;C:\Users\Caroline\.m2\repository\com\squareup\okio\okio\1.14.0\okio-1.14.0.jar;C:\Users\Caroline\.m2\repository\org\seleniumhq\selenium\selenium-support\2.53.1\selenium-support-2.53.1.jar;C:\Users\Caroline\.m2\repository\org\apache\maven\plugins\maven-surefire-plugin\2.19.1\maven-surefire-plugin-2.19.1.jar;C:\Users\Caroline\.m2\repository\org\apache\maven\maven-plugin-api\2.2.1\maven-plugin-api-2.2.1.jar;C:\Users\Caroline\.m2\repository\org\apache\maven\surefire\maven-surefire-common\2.19.1\maven-surefire-common-2.19.1.jar;C:\Users\Caroline\.m2\repository\org\apache\maven\surefire\surefire-booter\2.19.1\surefire-booter-2.19.1.jar;C:\Users\Caroline\.m2\repository\org\apache\maven\maven-artifact\2.2.1\maven-artifact-2.2.1.jar;C:\Users\Caroline\.m2\repository\org\codehaus\plexus\plexus-utils\1.5.15\plexus-utils-1.5.15.jar;C:\Users\Caroline\.m2\repository\org\apache\maven\maven-plugin-descriptor\2.2.1\maven-plugin-descriptor-2.2.1.jar;C:\Users\Caroline\.m2\repository\org\codehaus\plexus\plexus-container-default\1.0-alpha-9-stable-1\plexus-container-default-1.0-alpha-9-stable-1.jar;C:\Users\Caroline\.m2\repository\org\apache\maven\maven-project\2.2.1\maven-project-2.2.1.jar;C:\Users\Caroline\.m2\repository\org\apache\maven\maven-settings\2.2.1\maven-settings-2.2.1.jar;C:\Users\Caroline\.m2\repository\org\apache\maven\maven-profile\2.2.1\maven-profile-2.2.1.jar;C:\Users\Caroline\.m2\repository\org\apache\maven\maven-artifact-manager\2.2.1\maven-artifact-manager-2.2.1.jar;C:\Users\Caroline\.m2\repository\backport-util-concurrent\backport-util-concurrent\3.1\backport-util-concurrent-3.1.jar;C:\Users\Caroline\.m2\repository\org\apache\maven\maven-plugin-registry\2.2.1\maven-plugin-registry-2.2.1.jar;C:\Users\Caroline\.m2\repository\org\codehaus\plexus\plexus-interpolation\1.11\plexus-interpolation-1.11.jar;C:\Users\Caroline\.m2\repository\org\apache\maven\maven-model\2.2.1\maven-model-2.2.1.jar;C:\Users\Caroline\.m2\repository\org\apache\maven\maven-core\2.2.1\maven-core-2.2.1.jar;C:\Users\Caroline\.m2\repository\org\apache\maven\maven-plugin-parameter-documenter\2.2.1\maven-plugin-parameter-documenter-2.2.1.jar;C:\Users\Caroline\.m2\repository\org\apache\maven\wagon\wagon-http\1.0-beta-6\wagon-http-1.0-beta-6.jar;C:\Users\Caroline\.m2\repository\org\apache\maven\wagon\wagon-http-shared\1.0-beta-6\wagon-http-shared-1.0-beta-6.jar;C:\Users\Caroline\.m2\repository\nekohtml\xercesMinimal\1.9.6.2\xercesMinimal-1.9.6.2.jar;C:\Users\Caroline\.m2\repository\nekohtml\nekohtml\1.9.6.2\nekohtml-1.9.6.2.jar;C:\Users\Caroline\.m2\repository\commons-httpclient\commons-httpclient\3.1\commons-httpclient-3.1.jar;C:\Users\Caroline\.m2\repository\org\apache\maven\wagon\wagon-webdav-jackrabbit\1.0-beta-6\wagon-webdav-jackrabbit-1.0-beta-6.jar;C:\Users\Caroline\.m2\repository\org\apache\jackrabbit\jackrabbit-webdav\1.5.0\jackrabbit-webdav-1.5.0.jar;C:\Users\Caroline\.m2\repository\org\apache\jackrabbit\jackrabbit-jcr-commons\1.5.0\jackrabbit-jcr-commons-1.5.0.jar;C:\Users\Caroline\.m2\repository\org\slf4j\slf4j-nop\1.7.28\slf4j-nop-1.7.28.jar;C:\Users\Caroline\.m2\repository\org\slf4j\slf4j-jdk14\1.7.28\slf4j-jdk14-1.7.28.jar;C:\Users\Caroline\.m2\repository\org\slf4j\jcl-over-slf4j\1.7.28\jcl-over-slf4j-1.7.28.jar;C:\Users\Caroline\.m2\repository\org\apache\maven\reporting\maven-reporting-api\2.2.1\maven-reporting-api-2.2.1.jar;C:\Users\Caroline\.m2\repository\org\apache\maven\doxia\doxia-logging-api\1.1\doxia-logging-api-1.1.jar;C:\Users\Caroline\.m2\repository\org\apache\maven\wagon\wagon-provider-api\1.0-beta-6\wagon-provider-api-1.0-beta-6.jar;C:\Users\Caroline\.m2\repository\org\apache\maven\maven-repository-metadata\2.2.1\maven-repository-metadata-2.2.1.jar;C:\Users\Caroline\.m2\repository\org\apache\maven\maven-error-diagnostics\2.2.1\maven-error-diagnostics-2.2.1.jar;C:\Users\Caroline\.m2\repository\org\apache\maven\maven-monitor\2.2.1\maven-monitor-2.2.1.jar;C:\Users\Caroline\.m2\repository\classworlds\classworlds\1.1\classworlds-1.1.jar;C:\Users\Caroline\.m2\repository\org\sonatype\plexus\plexus-sec-dispatcher\1.3\plexus-sec-dispatcher-1.3.jar;C:\Users\Caroline\.m2\repository\org\sonatype\plexus\plexus-cipher\1.4\plexus-cipher-1.4.jar;C:\Users\Caroline\.m2\repository\org\apache\commons\commons-lang3\3.9\commons-lang3-3.9.jar;C:\Users\Caroline\.m2\repository\org\apache\maven\surefire\surefire-api\2.19.1\surefire-api-2.19.1.jar;C:\Users\Caroline\.m2\repository\org\apache\maven\maven-toolchain\2.2.1\maven-toolchain-2.2.1.jar;C:\Users\Caroline\.m2\repository\org\apache\maven\plugin-tools\maven-plugin-annotations\3.3\maven-plugin-annotations-3.3.jar;C:\Users\Caroline\.m2\repository\org\apache\poi\poi-ooxml\3.15\poi-ooxml-3.15.jar;C:\Users\Caroline\.m2\repository\org\apache\poi\poi\3.15\poi-3.15.jar;C:\Users\Caroline\.m2\repository\commons-codec\commons-codec\1.13\commons-codec-1.13.jar;C:\Users\Caroline\.m2\repository\org\apache\commons\commons-collections4\4.1\commons-collections4-4.1.jar;C:\Users\Caroline\.m2\repository\org\apache\poi\poi-ooxml-schemas\3.15\poi-ooxml-schemas-3.15.jar;C:\Users\Caroline\.m2\repository\org\apache\xmlbeans\xmlbeans\2.6.0\xmlbeans-2.6.0.jar;C:\Users\Caroline\.m2\repository\stax\stax-api\1.0.1\stax-api-1.0.1.jar;C:\Users\Caroline\.m2\repository\com\github\virtuald\curvesapi\1.04\curvesapi-1.04.jar;C:\Users\Caroline\.m2\repository\commons-io\commons-io\2.4\commons-io-2.4.jar;C:\Users\Caroline\.m2\repository\com\relevantcodes\extentreports\2.41.2\extentreports-2.41.2.jar;C:\Users\Caroline\.m2\repository\org\jsoup\jsoup\1.8.3\jsoup-1.8.3.jar;C:\Users\Caroline\.m2\repository\org\xerial\sqlite-jdbc\3.28.0\sqlite-jdbc-3.28.0.jar;C:\Users\Caroline\.m2\repository\org\freemarker\freemarker\2.3.29\freemarker-2.3.29.jar;C:\Users\Caroline\.m2\repository\org\mongodb\mongodb-driver\3.11.1\mongodb-driver-3.11.1.jar;C:\Users\Caroline\.m2\repository\org\mongodb\bson\3.11.1\bson-3.11.1.jar;C:\Users\Caroline\.m2\repository\org\mongodb\mongodb-driver-core\3.11.1\mongodb-driver-core-3.11.1.jar;C:\Users\Caroline\.m2\repository\org\testng\testng\6.11\testng-6.11.jar;C:\Users\Caroline\.m2\repository\com\beust\jcommander\1.64\jcommander-1.64.jar;C:\Users\Caroline\.m2\repository\org\yaml\snakeyaml\1.25\snakeyaml-1.25.jar;"/>
    <property name="sun.cpu.endian" value="little"/>
    <property name="user.home" value="C:\Users\Caroline"/>
    <property name="user.language" value="en"/>
    <property name="java.specification.vendor" value="Oracle Corporation"/>
    <property name="java.version.date" value="2020-01-14"/>
    <property name="java.home" value="C:\Program Files\Java\jdk-13.0.2"/>
    <property name="file.separator" value="\"/>
    <property name="basedir" value="D:\Caroline\Documents\CODE\QA Consulting\QA Project HWA\hwa-game-time-log"/>
    <property name="java.vm.compressedOopsMode" value="Zero based"/>
    <property name="line.separator" value="&#10;"/>
    <property name="java.vm.specification.vendor" value="Oracle Corporation"/>
    <property name="java.specification.name" value="Java Platform API Specification"/>
    <property name="surefire.real.class.path" value="C:\Users\Caroline\AppData\Local\Temp\surefire15713091053042751958\surefirebooter6498840096021962675.jar"/>
    <property name="user.script" value=""/>
    <property name="sun.management.compiler" value="HotSpot 64-Bit Tiered Compilers"/>
    <property name="java.runtime.version" value="13.0.2+8"/>
    <property name="user.name" value="Caroline"/>
    <property name="path.separator" value=";"/>
    <property name="os.version" value="10.0"/>
    <property name="java.runtime.name" value="Java(TM) SE Runtime Environment"/>
    <property name="file.encoding" value="Cp1252"/>
    <property name="java.vm.name" value="Java HotSpot(TM) 64-Bit Server VM"/>
    <property name="localRepository" value="C:\Users\Caroline\.m2\repository"/>
    <property name="java.vendor.url.bug" value="https://bugreport.java.com/bugreport/"/>
    <property name="java.io.tmpdir" value="C:\Users\Caroline\AppData\Local\Temp\"/>
    <property name="java.version" value="13.0.2"/>
    <property name="user.dir" value="D:\Caroline\Documents\CODE\QA Consulting\QA Project HWA\hwa-game-time-log"/>
    <property name="os.arch" value="amd64"/>
    <property name="java.vm.specification.name" value="Java Virtual Machine Specification"/>
    <property name="sun.os.patch.level" value=""/>
    <property name="java.library.path" value="C:\Program Files\Java\jdk-13.0.2\bin;C:\WINDOWS\Sun\Java\bin;C:\WINDOWS\system32;C:\WINDOWS;C:\Users\Caroline\bin;C:\Program Files\Git\mingw64\bin;C:\Program Files\Git\usr\local\bin;C:\Program Files\Git\usr\bin;C:\Program Files\Git\usr\bin;C:\Program Files\Git\mingw64\bin;C:\Program Files\Git\usr\bin;C:\Users\Caroline\bin;C:\Python38\Scripts;C:\Python38;C:\Program Files (x86)\Common Files\Intel\Shared Libraries\redist\intel64\compiler;C:\Program Files (x86)\Intel\iCLS Client;C:\Program Files\Intel\iCLS Client;C:\Windows\system32;C:\Windows;C:\Windows\System32\Wbem;C:\Windows\System32\WindowsPowerShell\v1.0;C:\Program Files (x86)\NVIDIA Corporation\PhysX\Common;C:\Program Files (x86)\Intel\Intel(R) Management Engine Components\DAL;C:\Program Files\Intel\Intel(R) Management Engine Components\DAL;C:\Program Files (x86)\Intel\Intel(R) Management Engine Components\IPT;C:\Program Files\Intel\Intel(R) Management Engine Components\IPT;C:\Program Files\Common Files\Autodesk Shared;C:\WINDOWS\system32;C:\WINDOWS;C:\WINDOWS\System32\Wbem;C:\WINDOWS\System32\WindowsPowerShell\v1.0;C:\WINDOWS\System32\OpenSSH;C:\Program Files\Java\jdk-13.0.2\bin;C:\Program Files\Git\cmd;C:\Program Files\apache-maven-3.6.1\bin;C:\Program Files\nodejs;C:\ProgramData\chocolatey\bin;C:\Program Files\MySQL\MySQL Shell 8.0\bin;C:\Users\Caroline\AppData\Local\Microsoft\WindowsApps;C:\Users\Caroline\AppData\Local\atom\bin;C:\Users\Caroline\AppData\Local\GitHubDesktop\bin;C:\Users\Caroline\AppData\Local\Programs\Microsoft VS Code\bin;C:\Users\Caroline\AppData\Roaming\npm;C:\Program Files\JetBrains\IntelliJ IDEA 2020.1\bin;C:\Program Files\Git\usr\bin\vendor_perl;C:\Program Files\Git\usr\bin\core_perl;."/>
    <property name="java.vm.info" value="mixed mode, sharing"/>
    <property name="java.vendor" value="Oracle Corporation"/>
    <property name="java.vm.version" value="13.0.2+8"/>
    <property name="sun.io.unicode.encoding" value="UnicodeLittle"/>
    <property name="java.class.version" value="57.0"/>
  </properties>
  <testcase name="shouldAnswerWithTrue on shouldAnswerWithTrue(com.qa.hwa.AppTest)" classname="com.qa.hwa.AppTest" time="9.699"/>
  <testcase name="usernameNullButOtherNameNotNull on usernameNullButOtherNameNotNull(com.qa.hwa.domain.GameSessionUnitTest)" classname="com.qa.hwa.domain.GameSessionUnitTest" time="0.001"/>
  <testcase name="nullGameName on nullGameName(com.qa.hwa.domain.GameSessionUnitTest)" classname="com.qa.hwa.domain.GameSessionUnitTest" time="0.001"/>
  <testcase name="constructorWithoutId on constructorWithoutId(com.qa.hwa.domain.GameSessionUnitTest)" classname="com.qa.hwa.domain.GameSessionUnitTest" time="0"/>
  <testcase name="nullTimePlayedOnBoth on nullTimePlayedOnBoth(com.qa.hwa.domain.GameSessionUnitTest)" classname="com.qa.hwa.domain.GameSessionUnitTest" time="0"/>
  <testcase name="checkEqualityBetweenDifferentObjects on checkEqualityBetweenDifferentObjects(com.qa.hwa.domain.GameSessionUnitTest)" classname="com.qa.hwa.domain.GameSessionUnitTest" time="0"/>
  <testcase name="nullGameNameOnBoth on nullGameNameOnBoth(com.qa.hwa.domain.GameSessionUnitTest)" classname="com.qa.hwa.domain.GameSessionUnitTest" time="0.001"/>
  <testcase name="checkEquality on checkEquality(com.qa.hwa.domain.GameSessionUnitTest)" classname="com.qa.hwa.domain.GameSessionUnitTest" time="0"/>
  <testcase name="notEqualsWithNull on notEqualsWithNull(com.qa.hwa.domain.GameSessionUnitTest)" classname="com.qa.hwa.domain.GameSessionUnitTest" time="0"/>
  <testcase name="checkEqualityBetweenDifferentObjectsNullUsername on checkEqualityBetweenDifferentObjectsNullUsername(com.qa.hwa.domain.GameSessionUnitTest)" classname="com.qa.hwa.domain.GameSessionUnitTest" time="0.001"/>
  <testcase name="nullTimePlayed on nullTimePlayed(com.qa.hwa.domain.GameSessionUnitTest)" classname="com.qa.hwa.domain.GameSessionUnitTest" time="0"/>
  <testcase name="gettersAndSettersTest on gettersAndSettersTest(com.qa.hwa.domain.GameSessionUnitTest)" classname="com.qa.hwa.domain.GameSessionUnitTest" time="0"/>
  <testcase name="nullId on nullId(com.qa.hwa.domain.GameSessionUnitTest)" classname="com.qa.hwa.domain.GameSessionUnitTest" time="0"/>
  <testcase name="notEqualsWithDifferentObject on notEqualsWithDifferentObject(com.qa.hwa.domain.GameSessionUnitTest)" classname="com.qa.hwa.domain.GameSessionUnitTest" time="0"/>
  <testcase name="nullIdOnBoth on nullIdOnBoth(com.qa.hwa.domain.GameSessionUnitTest)" classname="com.qa.hwa.domain.GameSessionUnitTest" time="0"/>
  <testcase name="emptyConstructor on emptyConstructor(com.qa.hwa.domain.GameSessionUnitTest)" classname="com.qa.hwa.domain.GameSessionUnitTest" time="0.001"/>
  <testcase name="constructorUserWithId on constructorUserWithId(com.qa.hwa.domain.GameSessionUnitTest)" classname="com.qa.hwa.domain.GameSessionUnitTest" time="0.001"/>
  <testcase name="nullTimeOfSession on nullTimeOfSession(com.qa.hwa.domain.GameSessionUnitTest)" classname="com.qa.hwa.domain.GameSessionUnitTest" time="0"/>
  <testcase name="otherGameNameDifferent on otherGameNameDifferent(com.qa.hwa.domain.GameSessionUnitTest)" classname="com.qa.hwa.domain.GameSessionUnitTest" time="0"/>
  <testcase name="hashCodeTest on hashCodeTest(com.qa.hwa.domain.GameSessionUnitTest)" classname="com.qa.hwa.domain.GameSessionUnitTest" time="0.001"/>
  <testcase name="otherTimeOfSessionDifferent on otherTimeOfSessionDifferent(com.qa.hwa.domain.GameSessionUnitTest)" classname="com.qa.hwa.domain.GameSessionUnitTest" time="0"/>
  <testcase name="nullTimeOfSessionBoth on nullTimeOfSessionBoth(com.qa.hwa.domain.GameSessionUnitTest)" classname="com.qa.hwa.domain.GameSessionUnitTest" time="0"/>
  <testcase name="usernameNotEqual on usernameNotEqual(com.qa.hwa.domain.GameSessionUnitTest)" classname="com.qa.hwa.domain.GameSessionUnitTest" time="0"/>
  <testcase name="hashCodeTestWithNull on hashCodeTestWithNull(com.qa.hwa.domain.GameSessionUnitTest)" classname="com.qa.hwa.domain.GameSessionUnitTest" time="0"/>
  <testcase name="otherTimePlayedDifferent on otherTimePlayedDifferent(com.qa.hwa.domain.GameSessionUnitTest)" classname="com.qa.hwa.domain.GameSessionUnitTest" time="0"/>
  <testcase name="otherIdDifferent on otherIdDifferent(com.qa.hwa.domain.GameSessionUnitTest)" classname="com.qa.hwa.domain.GameSessionUnitTest" time="0.001"/>
  <testcase name="usernameNullButOtherNameNotNull on usernameNullButOtherNameNotNull(com.qa.hwa.domain.UserUnitTest)" classname="com.qa.hwa.domain.UserUnitTest" time="0"/>
  <testcase name="nullTimeRemainingOnBoth on nullTimeRemainingOnBoth(com.qa.hwa.domain.UserUnitTest)" classname="com.qa.hwa.domain.UserUnitTest" time="0"/>
  <testcase name="nullFreeTime on nullFreeTime(com.qa.hwa.domain.UserUnitTest)" classname="com.qa.hwa.domain.UserUnitTest" time="0"/>
  <testcase name="constructorWithoutId on constructorWithoutId(com.qa.hwa.domain.UserUnitTest)" classname="com.qa.hwa.domain.UserUnitTest" time="0"/>
  <testcase name="checkEqualityBetweenDifferentObjects on checkEqualityBetweenDifferentObjects(com.qa.hwa.domain.UserUnitTest)" classname="com.qa.hwa.domain.UserUnitTest" time="0"/>
  <testcase name="checkEquality on checkEquality(com.qa.hwa.domain.UserUnitTest)" classname="com.qa.hwa.domain.UserUnitTest" time="0.001"/>
  <testcase name="notEqualsWithNull on notEqualsWithNull(com.qa.hwa.domain.UserUnitTest)" classname="com.qa.hwa.domain.UserUnitTest" time="0"/>
  <testcase name="checkEqualityBetweenDifferentObjectsNullUsername on checkEqualityBetweenDifferentObjectsNullUsername(com.qa.hwa.domain.UserUnitTest)" classname="com.qa.hwa.domain.UserUnitTest" time="0"/>
  <testcase name="gettersAndSettersTest on gettersAndSettersTest(com.qa.hwa.domain.UserUnitTest)" classname="com.qa.hwa.domain.UserUnitTest" time="0"/>
  <testcase name="nullId on nullId(com.qa.hwa.domain.UserUnitTest)" classname="com.qa.hwa.domain.UserUnitTest" time="0"/>
  <testcase name="notEqualsWithDifferentObject on notEqualsWithDifferentObject(com.qa.hwa.domain.UserUnitTest)" classname="com.qa.hwa.domain.UserUnitTest" time="0"/>
  <testcase name="nullFreeTimeOnBoth on nullFreeTimeOnBoth(com.qa.hwa.domain.UserUnitTest)" classname="com.qa.hwa.domain.UserUnitTest" time="0"/>
  <testcase name="nullIdOnBoth on nullIdOnBoth(com.qa.hwa.domain.UserUnitTest)" classname="com.qa.hwa.domain.UserUnitTest" time="0.001"/>
  <testcase name="emptyConstructor on emptyConstructor(com.qa.hwa.domain.UserUnitTest)" classname="com.qa.hwa.domain.UserUnitTest" time="0"/>
  <testcase name="nullTimeRemaining on nullTimeRemaining(com.qa.hwa.domain.UserUnitTest)" classname="com.qa.hwa.domain.UserUnitTest" time="0"/>
  <testcase name="otherFreeTimeDifferent on otherFreeTimeDifferent(com.qa.hwa.domain.UserUnitTest)" classname="com.qa.hwa.domain.UserUnitTest" time="0"/>
  <testcase name="constructorUserWithId on constructorUserWithId(com.qa.hwa.domain.UserUnitTest)" classname="com.qa.hwa.domain.UserUnitTest" time="0"/>
  <testcase name="otherTotalTimePlayedDifferent on otherTotalTimePlayedDifferent(com.qa.hwa.domain.UserUnitTest)" classname="com.qa.hwa.domain.UserUnitTest" time="0"/>
  <testcase name="otherTimeRemainingDifferent on otherTimeRemainingDifferent(com.qa.hwa.domain.UserUnitTest)" classname="com.qa.hwa.domain.UserUnitTest" time="0"/>
  <testcase name="nullTotalTimePlayed on nullTotalTimePlayed(com.qa.hwa.domain.UserUnitTest)" classname="com.qa.hwa.domain.UserUnitTest" time="0"/>
  <testcase name="hashCodeTest on hashCodeTest(com.qa.hwa.domain.UserUnitTest)" classname="com.qa.hwa.domain.UserUnitTest" time="0.001"/>
  <testcase name="usernameNotEqual on usernameNotEqual(com.qa.hwa.domain.UserUnitTest)" classname="com.qa.hwa.domain.UserUnitTest" time="0"/>
  <testcase name="hashCodeTestWithNull on hashCodeTestWithNull(com.qa.hwa.domain.UserUnitTest)" classname="com.qa.hwa.domain.UserUnitTest" time="0"/>
  <testcase name="otherIdDifferent on otherIdDifferent(com.qa.hwa.domain.UserUnitTest)" classname="com.qa.hwa.domain.UserUnitTest" time="0"/>
  <testcase name="nullTotalTimePlayedOnBoth on nullTotalTimePlayedOnBoth(com.qa.hwa.domain.UserUnitTest)" classname="com.qa.hwa.domain.UserUnitTest" time="0"/>
  <testcase name="usernameNullButOtherNameNotNull on usernameNullButOtherNameNotNull(com.qa.hwa.dto.GameSessionDTOUnitTest)" classname="com.qa.hwa.dto.GameSessionDTOUnitTest" time="0">
    <skipped/>
  </testcase>
  <testcase name="nullGameName on nullGameName(com.qa.hwa.dto.GameSessionDTOUnitTest)" classname="com.qa.hwa.dto.GameSessionDTOUnitTest" time="0.001"/>
  <testcase name="constructorWithoutId on constructorWithoutId(com.qa.hwa.dto.GameSessionDTOUnitTest)" classname="com.qa.hwa.dto.GameSessionDTOUnitTest" time="0.001"/>
  <testcase name="nullTimePlayedOnBoth on nullTimePlayedOnBoth(com.qa.hwa.dto.GameSessionDTOUnitTest)" classname="com.qa.hwa.dto.GameSessionDTOUnitTest" time="0"/>
  <testcase name="checkEqualityBetweenDifferentObjects on checkEqualityBetweenDifferentObjects(com.qa.hwa.dto.GameSessionDTOUnitTest)" classname="com.qa.hwa.dto.GameSessionDTOUnitTest" time="0"/>
  <testcase name="nullGameNameOnBoth on nullGameNameOnBoth(com.qa.hwa.dto.GameSessionDTOUnitTest)" classname="com.qa.hwa.dto.GameSessionDTOUnitTest" time="0"/>
  <testcase name="checkEquality on checkEquality(com.qa.hwa.dto.GameSessionDTOUnitTest)" classname="com.qa.hwa.dto.GameSessionDTOUnitTest" time="0.001"/>
  <testcase name="notEqualsWithNull on notEqualsWithNull(com.qa.hwa.dto.GameSessionDTOUnitTest)" classname="com.qa.hwa.dto.GameSessionDTOUnitTest" time="0"/>
  <testcase name="checkEqualityBetweenDifferentObjectsNullUsername on checkEqualityBetweenDifferentObjectsNullUsername(com.qa.hwa.dto.GameSessionDTOUnitTest)" classname="com.qa.hwa.dto.GameSessionDTOUnitTest" time="0">
    <skipped/>
  </testcase>
  <testcase name="nullTimePlayed on nullTimePlayed(com.qa.hwa.dto.GameSessionDTOUnitTest)" classname="com.qa.hwa.dto.GameSessionDTOUnitTest" time="0"/>
  <testcase name="gettersAndSettersTest on gettersAndSettersTest(com.qa.hwa.dto.GameSessionDTOUnitTest)" classname="com.qa.hwa.dto.GameSessionDTOUnitTest" time="0"/>
  <testcase name="nullId on nullId(com.qa.hwa.dto.GameSessionDTOUnitTest)" classname="com.qa.hwa.dto.GameSessionDTOUnitTest" time="0"/>
  <testcase name="notEqualsWithDifferentObject on notEqualsWithDifferentObject(com.qa.hwa.dto.GameSessionDTOUnitTest)" classname="com.qa.hwa.dto.GameSessionDTOUnitTest" time="0.001"/>
  <testcase name="nullIdOnBoth on nullIdOnBoth(com.qa.hwa.dto.GameSessionDTOUnitTest)" classname="com.qa.hwa.dto.GameSessionDTOUnitTest" time="0"/>
  <testcase name="emptyConstructor on emptyConstructor(com.qa.hwa.dto.GameSessionDTOUnitTest)" classname="com.qa.hwa.dto.GameSessionDTOUnitTest" time="0"/>
  <testcase name="constructorUserWithId on constructorUserWithId(com.qa.hwa.dto.GameSessionDTOUnitTest)" classname="com.qa.hwa.dto.GameSessionDTOUnitTest" time="0"/>
  <testcase name="nullTimeOfSession on nullTimeOfSession(com.qa.hwa.dto.GameSessionDTOUnitTest)" classname="com.qa.hwa.dto.GameSessionDTOUnitTest" time="0"/>
  <testcase name="otherGameNameDifferent on otherGameNameDifferent(com.qa.hwa.dto.GameSessionDTOUnitTest)" classname="com.qa.hwa.dto.GameSessionDTOUnitTest" time="0"/>
  <testcase name="hashCodeTest on hashCodeTest(com.qa.hwa.dto.GameSessionDTOUnitTest)" classname="com.qa.hwa.dto.GameSessionDTOUnitTest" time="0"/>
  <testcase name="otherTimeOfSessionDifferent on otherTimeOfSessionDifferent(com.qa.hwa.dto.GameSessionDTOUnitTest)" classname="com.qa.hwa.dto.GameSessionDTOUnitTest" time="0"/>
  <testcase name="nullTimeOfSessionBoth on nullTimeOfSessionBoth(com.qa.hwa.dto.GameSessionDTOUnitTest)" classname="com.qa.hwa.dto.GameSessionDTOUnitTest" time="0"/>
  <testcase name="usernameNotEqual on usernameNotEqual(com.qa.hwa.dto.GameSessionDTOUnitTest)" classname="com.qa.hwa.dto.GameSessionDTOUnitTest" time="0"/>
  <testcase name="hashCodeTestWithNull on hashCodeTestWithNull(com.qa.hwa.dto.GameSessionDTOUnitTest)" classname="com.qa.hwa.dto.GameSessionDTOUnitTest" time="0"/>
  <testcase name="otherTimePlayedDifferent on otherTimePlayedDifferent(com.qa.hwa.dto.GameSessionDTOUnitTest)" classname="com.qa.hwa.dto.GameSessionDTOUnitTest" time="0"/>
  <testcase name="otherIdDifferent on otherIdDifferent(com.qa.hwa.dto.GameSessionDTOUnitTest)" classname="com.qa.hwa.dto.GameSessionDTOUnitTest" time="0.001"/>
  <testcase name="usernameNullButOtherNameNotNull on usernameNullButOtherNameNotNull(com.qa.hwa.dto.UserDTOUnitTest)" classname="com.qa.hwa.dto.UserDTOUnitTest" time="0.001"/>
  <testcase name="nullTimeRemainingOnBoth on nullTimeRemainingOnBoth(com.qa.hwa.dto.UserDTOUnitTest)" classname="com.qa.hwa.dto.UserDTOUnitTest" time="0"/>
  <testcase name="nullFreeTime on nullFreeTime(com.qa.hwa.dto.UserDTOUnitTest)" classname="com.qa.hwa.dto.UserDTOUnitTest" time="0"/>
  <testcase name="constructorWithoutId on constructorWithoutId(com.qa.hwa.dto.UserDTOUnitTest)" classname="com.qa.hwa.dto.UserDTOUnitTest" time="0"/>
  <testcase name="checkEqualityBetweenDifferentObjects on checkEqualityBetweenDifferentObjects(com.qa.hwa.dto.UserDTOUnitTest)" classname="com.qa.hwa.dto.UserDTOUnitTest" time="0"/>
  <testcase name="checkEquality on checkEquality(com.qa.hwa.dto.UserDTOUnitTest)" classname="com.qa.hwa.dto.UserDTOUnitTest" time="0"/>
  <testcase name="notEqualsWithNull on notEqualsWithNull(com.qa.hwa.dto.UserDTOUnitTest)" classname="com.qa.hwa.dto.UserDTOUnitTest" time="0"/>
  <testcase name="checkEqualityBetweenDifferentObjectsNullUsername on checkEqualityBetweenDifferentObjectsNullUsername(com.qa.hwa.dto.UserDTOUnitTest)" classname="com.qa.hwa.dto.UserDTOUnitTest" time="0"/>
  <testcase name="gettersAndSettersTest on gettersAndSettersTest(com.qa.hwa.dto.UserDTOUnitTest)" classname="com.qa.hwa.dto.UserDTOUnitTest" time="0"/>
  <testcase name="nullId on nullId(com.qa.hwa.dto.UserDTOUnitTest)" classname="com.qa.hwa.dto.UserDTOUnitTest" time="0"/>
  <testcase name="notEqualsWithDifferentObject on notEqualsWithDifferentObject(com.qa.hwa.dto.UserDTOUnitTest)" classname="com.qa.hwa.dto.UserDTOUnitTest" time="0"/>
  <testcase name="nullFreeTimeOnBoth on nullFreeTimeOnBoth(com.qa.hwa.dto.UserDTOUnitTest)" classname="com.qa.hwa.dto.UserDTOUnitTest" time="0"/>
  <testcase name="nullIdOnBoth on nullIdOnBoth(com.qa.hwa.dto.UserDTOUnitTest)" classname="com.qa.hwa.dto.UserDTOUnitTest" time="0"/>
  <testcase name="emptyConstructor on emptyConstructor(com.qa.hwa.dto.UserDTOUnitTest)" classname="com.qa.hwa.dto.UserDTOUnitTest" time="0"/>
  <testcase name="nullTimeRemaining on nullTimeRemaining(com.qa.hwa.dto.UserDTOUnitTest)" classname="com.qa.hwa.dto.UserDTOUnitTest" time="0"/>
  <testcase name="otherFreeTimeDifferent on otherFreeTimeDifferent(com.qa.hwa.dto.UserDTOUnitTest)" classname="com.qa.hwa.dto.UserDTOUnitTest" time="0"/>
  <testcase name="constructorUserWithId on constructorUserWithId(com.qa.hwa.dto.UserDTOUnitTest)" classname="com.qa.hwa.dto.UserDTOUnitTest" time="0"/>
  <testcase name="otherTotalTimePlayedDifferent on otherTotalTimePlayedDifferent(com.qa.hwa.dto.UserDTOUnitTest)" classname="com.qa.hwa.dto.UserDTOUnitTest" time="0"/>
  <testcase name="otherTimeRemainingDifferent on otherTimeRemainingDifferent(com.qa.hwa.dto.UserDTOUnitTest)" classname="com.qa.hwa.dto.UserDTOUnitTest" time="0.001"/>
  <testcase name="nullTotalTimePlayed on nullTotalTimePlayed(com.qa.hwa.dto.UserDTOUnitTest)" classname="com.qa.hwa.dto.UserDTOUnitTest" time="0"/>
  <testcase name="hashCodeTest on hashCodeTest(com.qa.hwa.dto.UserDTOUnitTest)" classname="com.qa.hwa.dto.UserDTOUnitTest" time="0"/>
  <testcase name="usernameNotEqual on usernameNotEqual(com.qa.hwa.dto.UserDTOUnitTest)" classname="com.qa.hwa.dto.UserDTOUnitTest" time="0.001"/>
  <testcase name="hashCodeTestWithNull on hashCodeTestWithNull(com.qa.hwa.dto.UserDTOUnitTest)" classname="com.qa.hwa.dto.UserDTOUnitTest" time="0"/>
  <testcase name="otherIdDifferent on otherIdDifferent(com.qa.hwa.dto.UserDTOUnitTest)" classname="com.qa.hwa.dto.UserDTOUnitTest" time="0"/>
  <testcase name="nullTotalTimePlayedOnBoth on nullTotalTimePlayedOnBoth(com.qa.hwa.dto.UserDTOUnitTest)" classname="com.qa.hwa.dto.UserDTOUnitTest" time="0.001"/>
  <testcase name="deleteGameSessionTest on deleteGameSessionTest(com.qa.hwa.rest.GameSessionControllerIntegrationTest)" classname="com.qa.hwa.rest.GameSessionControllerIntegrationTest" time="1.255"/>
  <testcase name="updateGameSessionTest on updateGameSessionTest(com.qa.hwa.rest.GameSessionControllerIntegrationTest)" classname="com.qa.hwa.rest.GameSessionControllerIntegrationTest" time="0">
    <skipped/>
  </testcase>
  <testcase name="getAllGameSessionsTest on getAllGameSessionsTest(com.qa.hwa.rest.GameSessionControllerIntegrationTest)" classname="com.qa.hwa.rest.GameSessionControllerIntegrationTest" time="0">
    <skipped/>
  </testcase>
  <testcase name="getAUsersGameSessionsTest on getAUsersGameSessionsTest(com.qa.hwa.rest.GameSessionControllerIntegrationTest)" classname="com.qa.hwa.rest.GameSessionControllerIntegrationTest" time="0">
    <skipped/>
  </testcase>
  <testcase name="createSessionsTest on createSessionsTest(com.qa.hwa.rest.GameSessionControllerIntegrationTest)" classname="com.qa.hwa.rest.GameSessionControllerIntegrationTest" time="0">
    <skipped/>
  </testcase>
  <testcase name="createGameSessionTest on createGameSessionTest(com.qa.hwa.rest.GameSessionControllerUnitTest)" classname="com.qa.hwa.rest.GameSessionControllerUnitTest" time="0.219"/>
  <testcase name="updateGameSessionTest on updateGameSessionTest(com.qa.hwa.rest.GameSessionControllerUnitTest)" classname="com.qa.hwa.rest.GameSessionControllerUnitTest" time="0.011"/>
  <testcase name="getAllGameSessionsTest on getAllGameSessionsTest(com.qa.hwa.rest.GameSessionControllerUnitTest)" classname="com.qa.hwa.rest.GameSessionControllerUnitTest" time="0.007"/>
  <testcase name="deleteUserTestFalse on deleteUserTestFalse(com.qa.hwa.rest.GameSessionControllerUnitTest)" classname="com.qa.hwa.rest.GameSessionControllerUnitTest" time="0.006"/>
  <testcase name="deleteUserTestTrue on deleteUserTestTrue(com.qa.hwa.rest.GameSessionControllerUnitTest)" classname="com.qa.hwa.rest.GameSessionControllerUnitTest" time="0.006"/>
  <testcase name="getAUsersGameSessionsTest on getAUsersGameSessionsTest(com.qa.hwa.rest.GameSessionControllerUnitTest)" classname="com.qa.hwa.rest.GameSessionControllerUnitTest" time="0.011"/>
  <testcase name="getAllUsersTest on getAllUsersTest(com.qa.hwa.rest.UserControllerIntegrationTest)" classname="com.qa.hwa.rest.UserControllerIntegrationTest" time="0">
    <skipped/>
    <system-out><![CDATA[2020-05-18 15:26:15.235  INFO 22960 --- [           main] .b.t.c.SpringBootTestContextBootstrapper : Neither @ContextConfiguration nor @ContextHierarchy found for test class [com.qa.hwa.rest.UserControllerIntegrationTest], using SpringBootContextLoader
2020-05-18 15:26:15.241  INFO 22960 --- [           main] o.s.t.c.support.AbstractContextLoader    : Could not detect default resource locations for test class [com.qa.hwa.rest.UserControllerIntegrationTest]: no resource found for suffixes {-context.xml, Context.groovy}.
2020-05-18 15:26:15.244  INFO 22960 --- [           main] t.c.s.AnnotationConfigContextLoaderUtils : Could not detect default configuration classes for test class [com.qa.hwa.rest.UserControllerIntegrationTest]: UserControllerIntegrationTest does not declare any static, non-private, non-final, nested classes annotated with @Configuration.
2020-05-18 15:26:15.258  INFO 22960 --- [           main] .b.t.c.SpringBootTestContextBootstrapper : Found @SpringBootConfiguration com.qa.hwa.App for test class com.qa.hwa.rest.UserControllerIntegrationTest
2020-05-18 15:26:15.268  INFO 22960 --- [           main] .b.t.c.SpringBootTestContextBootstrapper : Loaded default TestExecutionListener class names from location [META-INF/spring.factories]: [org.springframework.boot.test.mock.mockito.MockitoTestExecutionListener, org.springframework.boot.test.mock.mockito.ResetMocksTestExecutionListener, org.springframework.boot.test.autoconfigure.restdocs.RestDocsTestExecutionListener, org.springframework.boot.test.autoconfigure.web.client.MockRestServiceServerResetTestExecutionListener, org.springframework.boot.test.autoconfigure.web.servlet.MockMvcPrintOnlyOnFailureTestExecutionListener, org.springframework.boot.test.autoconfigure.web.servlet.WebDriverTestExecutionListener, org.springframework.test.context.web.ServletTestExecutionListener, org.springframework.test.context.support.DirtiesContextBeforeModesTestExecutionListener, org.springframework.test.context.support.DependencyInjectionTestExecutionListener, org.springframework.test.context.support.DirtiesContextTestExecutionListener, org.springframework.test.context.transaction.TransactionalTestExecutionListener, org.springframework.test.context.jdbc.SqlScriptsTestExecutionListener, org.springframework.test.context.event.EventPublishingTestExecutionListener]
2020-05-18 15:26:15.269  INFO 22960 --- [           main] .b.t.c.SpringBootTestContextBootstrapper : Using TestExecutionListeners: [org.springframework.test.context.web.ServletTestExecutionListener@35c95587, org.springframework.test.context.support.DirtiesContextBeforeModesTestExecutionListener@828e2d8, org.springframework.boot.test.mock.mockito.MockitoTestExecutionListener@43e9eddf, org.springframework.boot.test.autoconfigure.SpringBootDependencyInjectionTestExecutionListener@548e70f0, org.springframework.test.context.support.DirtiesContextTestExecutionListener@2b14628b, org.springframework.test.context.transaction.TransactionalTestExecutionListener@64657b13, org.springframework.test.context.jdbc.SqlScriptsTestExecutionListener@686ee555, org.springframework.test.context.event.EventPublishingTestExecutionListener@4fc00158, org.springframework.boot.test.mock.mockito.ResetMocksTestExecutionListener@47483211, org.springframework.boot.test.autoconfigure.restdocs.RestDocsTestExecutionListener@8ba7408, org.springframework.boot.test.autoconfigure.web.client.MockRestServiceServerResetTestExecutionListener@17616c07, org.springframework.boot.test.autoconfigure.web.servlet.MockMvcPrintOnlyOnFailureTestExecutionListener@58e46572, org.springframework.boot.test.autoconfigure.web.servlet.WebDriverTestExecutionListener@5eba0cc5]
]]></system-out>
  </testcase>
  <testcase name="createUsersTest on createUsersTest(com.qa.hwa.rest.UserControllerIntegrationTest)" classname="com.qa.hwa.rest.UserControllerIntegrationTest" time="0">
    <skipped/>
  </testcase>
  <testcase name="updateUserTest on updateUserTest(com.qa.hwa.rest.UserControllerIntegrationTest)" classname="com.qa.hwa.rest.UserControllerIntegrationTest" time="0">
    <skipped/>
  </testcase>
  <testcase name="deleteUserTest on deleteUserTest(com.qa.hwa.rest.UserControllerIntegrationTest)" classname="com.qa.hwa.rest.UserControllerIntegrationTest" time="0">
    <skipped/>
  </testcase>
  <testcase name="getUserByIdTest on getUserByIdTest(com.qa.hwa.rest.UserControllerIntegrationTest)" classname="com.qa.hwa.rest.UserControllerIntegrationTest" time="0">
    <skipped/>
  </testcase>
  <testcase name="getAllUsersTest on getAllUsersTest(com.qa.hwa.rest.UserControllerUnitTest)" classname="com.qa.hwa.rest.UserControllerUnitTest" time="0.064"/>
  <testcase name="deleteUserTestFalse on deleteUserTestFalse(com.qa.hwa.rest.UserControllerUnitTest)" classname="com.qa.hwa.rest.UserControllerUnitTest" time="0.005"/>
  <testcase name="updateUserTest on updateUserTest(com.qa.hwa.rest.UserControllerUnitTest)" classname="com.qa.hwa.rest.UserControllerUnitTest" time="0.008"/>
  <testcase name="createUserTest on createUserTest(com.qa.hwa.rest.UserControllerUnitTest)" classname="com.qa.hwa.rest.UserControllerUnitTest" time="0.003"/>
  <testcase name="deleteUserTestTrue on deleteUserTestTrue(com.qa.hwa.rest.UserControllerUnitTest)" classname="com.qa.hwa.rest.UserControllerUnitTest" time="0.004"/>
  <testcase name="getUserByUsernameTest on getUserByUsernameTest(com.qa.hwa.rest.UserControllerUnitTest)" classname="com.qa.hwa.rest.UserControllerUnitTest" time="0.01"/>
  <testcase name="getUserByIdTest on getUserByIdTest(com.qa.hwa.rest.UserControllerUnitTest)" classname="com.qa.hwa.rest.UserControllerUnitTest" time="0.011"/>
  <testcase name="readAUsersGameSessionsTest on readAUsersGameSessionsTest(com.qa.hwa.service.GameSessionServiceIntegrationTest)" classname="com.qa.hwa.service.GameSessionServiceIntegrationTest" time="0">
    <skipped/>
    <system-out><![CDATA[2020-05-18 15:26:15.409  INFO 22960 --- [           main] .b.t.c.SpringBootTestContextBootstrapper : Neither @ContextConfiguration nor @ContextHierarchy found for test class [com.qa.hwa.service.GameSessionServiceIntegrationTest], using SpringBootContextLoader
2020-05-18 15:26:15.412  INFO 22960 --- [           main] o.s.t.c.support.AbstractContextLoader    : Could not detect default resource locations for test class [com.qa.hwa.service.GameSessionServiceIntegrationTest]: no resource found for suffixes {-context.xml, Context.groovy}.
2020-05-18 15:26:15.414  INFO 22960 --- [           main] t.c.s.AnnotationConfigContextLoaderUtils : Could not detect default configuration classes for test class [com.qa.hwa.service.GameSessionServiceIntegrationTest]: GameSessionServiceIntegrationTest does not declare any static, non-private, non-final, nested classes annotated with @Configuration.
2020-05-18 15:26:15.432  INFO 22960 --- [           main] .b.t.c.SpringBootTestContextBootstrapper : Found @SpringBootConfiguration com.qa.hwa.App for test class com.qa.hwa.service.GameSessionServiceIntegrationTest
2020-05-18 15:26:15.437  INFO 22960 --- [           main] .b.t.c.SpringBootTestContextBootstrapper : Loaded default TestExecutionListener class names from location [META-INF/spring.factories]: [org.springframework.boot.test.mock.mockito.MockitoTestExecutionListener, org.springframework.boot.test.mock.mockito.ResetMocksTestExecutionListener, org.springframework.boot.test.autoconfigure.restdocs.RestDocsTestExecutionListener, org.springframework.boot.test.autoconfigure.web.client.MockRestServiceServerResetTestExecutionListener, org.springframework.boot.test.autoconfigure.web.servlet.MockMvcPrintOnlyOnFailureTestExecutionListener, org.springframework.boot.test.autoconfigure.web.servlet.WebDriverTestExecutionListener, org.springframework.test.context.web.ServletTestExecutionListener, org.springframework.test.context.support.DirtiesContextBeforeModesTestExecutionListener, org.springframework.test.context.support.DependencyInjectionTestExecutionListener, org.springframework.test.context.support.DirtiesContextTestExecutionListener, org.springframework.test.context.transaction.TransactionalTestExecutionListener, org.springframework.test.context.jdbc.SqlScriptsTestExecutionListener, org.springframework.test.context.event.EventPublishingTestExecutionListener]
2020-05-18 15:26:15.440  INFO 22960 --- [           main] .b.t.c.SpringBootTestContextBootstrapper : Using TestExecutionListeners: [org.springframework.test.context.web.ServletTestExecutionListener@26864891, org.springframework.test.context.support.DirtiesContextBeforeModesTestExecutionListener@5946e540, org.springframework.boot.test.mock.mockito.MockitoTestExecutionListener@651a399, org.springframework.boot.test.autoconfigure.SpringBootDependencyInjectionTestExecutionListener@79ef8115, org.springframework.test.context.support.DirtiesContextTestExecutionListener@6db99c79, org.springframework.test.context.transaction.TransactionalTestExecutionListener@3bb186b, org.springframework.test.context.jdbc.SqlScriptsTestExecutionListener@8fd3eee, org.springframework.test.context.event.EventPublishingTestExecutionListener@d9ff1cd, org.springframework.boot.test.mock.mockito.ResetMocksTestExecutionListener@2c64ee53, org.springframework.boot.test.autoconfigure.restdocs.RestDocsTestExecutionListener@77c7d3f4, org.springframework.boot.test.autoconfigure.web.client.MockRestServiceServerResetTestExecutionListener@162c89ac, org.springframework.boot.test.autoconfigure.web.servlet.MockMvcPrintOnlyOnFailureTestExecutionListener@644f033d, org.springframework.boot.test.autoconfigure.web.servlet.WebDriverTestExecutionListener@6f526f91]
]]></system-out>
  </testcase>
  <testcase name="deleteGameSessionTest on deleteGameSessionTest(com.qa.hwa.service.GameSessionServiceIntegrationTest)" classname="com.qa.hwa.service.GameSessionServiceIntegrationTest" time="0.649"/>
  <testcase name="createGameSessionTest on createGameSessionTest(com.qa.hwa.service.GameSessionServiceIntegrationTest)" classname="com.qa.hwa.service.GameSessionServiceIntegrationTest" time="0">
    <skipped/>
  </testcase>
  <testcase name="updateGameSessionTest on updateGameSessionTest(com.qa.hwa.service.GameSessionServiceIntegrationTest)" classname="com.qa.hwa.service.GameSessionServiceIntegrationTest" time="0">
    <skipped/>
  </testcase>
  <testcase name="readAllGameSessionsTest on readAllGameSessionsTest(com.qa.hwa.service.GameSessionServiceIntegrationTest)" classname="com.qa.hwa.service.GameSessionServiceIntegrationTest" time="0">
    <skipped/>
  </testcase>
  <testcase name="findUserByUsernameTest on findUserByUsernameTest(com.qa.hwa.service.GameSessionServiceIntegrationTest)" classname="com.qa.hwa.service.GameSessionServiceIntegrationTest" time="0">
    <skipped/>
  </testcase>
  <testcase name="readAUsersGameSessionsTest on readAUsersGameSessionsTest(com.qa.hwa.service.GameSessionServiceUnitTest)" classname="com.qa.hwa.service.GameSessionServiceUnitTest" time="0">
    <skipped/>
    <system-out><![CDATA[2020-05-18 15:26:18.682  INFO 22960 --- [           main] o.s.t.c.s.DefaultTestContextBootstrapper : Neither @ContextConfiguration nor @ContextHierarchy found for test class [com.qa.hwa.service.GameSessionServiceUnitTest], using DelegatingSmartContextLoader
2020-05-18 15:26:18.683  INFO 22960 --- [           main] o.s.t.c.support.AbstractContextLoader    : Could not detect default resource locations for test class [com.qa.hwa.service.GameSessionServiceUnitTest]: no resource found for suffixes {-context.xml}.
2020-05-18 15:26:18.684  INFO 22960 --- [           main] t.c.s.AnnotationConfigContextLoaderUtils : Could not detect default configuration classes for test class [com.qa.hwa.service.GameSessionServiceUnitTest]: GameSessionServiceUnitTest does not declare any static, non-private, non-final, nested classes annotated with @Configuration.
2020-05-18 15:26:18.686  INFO 22960 --- [           main] o.s.t.c.s.DefaultTestContextBootstrapper : Loaded default TestExecutionListener class names from location [META-INF/spring.factories]: [org.springframework.boot.test.mock.mockito.MockitoTestExecutionListener, org.springframework.boot.test.mock.mockito.ResetMocksTestExecutionListener, org.springframework.boot.test.autoconfigure.restdocs.RestDocsTestExecutionListener, org.springframework.boot.test.autoconfigure.web.client.MockRestServiceServerResetTestExecutionListener, org.springframework.boot.test.autoconfigure.web.servlet.MockMvcPrintOnlyOnFailureTestExecutionListener, org.springframework.boot.test.autoconfigure.web.servlet.WebDriverTestExecutionListener, org.springframework.test.context.web.ServletTestExecutionListener, org.springframework.test.context.support.DirtiesContextBeforeModesTestExecutionListener, org.springframework.test.context.support.DependencyInjectionTestExecutionListener, org.springframework.test.context.support.DirtiesContextTestExecutionListener, org.springframework.test.context.transaction.TransactionalTestExecutionListener, org.springframework.test.context.jdbc.SqlScriptsTestExecutionListener, org.springframework.test.context.event.EventPublishingTestExecutionListener]
2020-05-18 15:26:18.686  INFO 22960 --- [           main] o.s.t.c.s.DefaultTestContextBootstrapper : Using TestExecutionListeners: [org.springframework.test.context.web.ServletTestExecutionListener@5f745970, org.springframework.test.context.support.DirtiesContextBeforeModesTestExecutionListener@57cd77e1, org.springframework.boot.test.mock.mockito.MockitoTestExecutionListener@35f59dfe, org.springframework.test.context.support.DependencyInjectionTestExecutionListener@6b71fded, org.springframework.test.context.support.DirtiesContextTestExecutionListener@1633962a, org.springframework.test.context.transaction.TransactionalTestExecutionListener@2afd8972, org.springframework.test.context.jdbc.SqlScriptsTestExecutionListener@33fefbbe, org.springframework.test.context.event.EventPublishingTestExecutionListener@5784f6b9, org.springframework.boot.test.mock.mockito.ResetMocksTestExecutionListener@5d0ca8a5, org.springframework.boot.test.autoconfigure.restdocs.RestDocsTestExecutionListener@1b7c1c6f, org.springframework.boot.test.autoconfigure.web.client.MockRestServiceServerResetTestExecutionListener@5f9b37b5, org.springframework.boot.test.autoconfigure.web.servlet.MockMvcPrintOnlyOnFailureTestExecutionListener@2f5a23c1, org.springframework.boot.test.autoconfigure.web.servlet.WebDriverTestExecutionListener@17abef0f]
]]></system-out>
  </testcase>
  <testcase name="createGameSessionTest on createGameSessionTest(com.qa.hwa.service.GameSessionServiceUnitTest)" classname="com.qa.hwa.service.GameSessionServiceUnitTest" time="0.006"/>
  <testcase name="readUserByUsernameTest on readUserByUsernameTest(com.qa.hwa.service.GameSessionServiceUnitTest)" classname="com.qa.hwa.service.GameSessionServiceUnitTest" time="0.005"/>
  <testcase name="readUserByNonExistingUsernameTest on readUserByNonExistingUsernameTest(com.qa.hwa.service.GameSessionServiceUnitTest)" classname="com.qa.hwa.service.GameSessionServiceUnitTest" time="0.004"/>
  <testcase name="updateGameSessionTest on updateGameSessionTest(com.qa.hwa.service.GameSessionServiceUnitTest)" classname="com.qa.hwa.service.GameSessionServiceUnitTest" time="0.008"/>
  <testcase name="deleteSessionByNonExistingId on deleteSessionByNonExistingId(com.qa.hwa.service.GameSessionServiceUnitTest)" classname="com.qa.hwa.service.GameSessionServiceUnitTest" time="0.002"/>
  <testcase name="readAllSessionsTest on readAllSessionsTest(com.qa.hwa.service.GameSessionServiceUnitTest)" classname="com.qa.hwa.service.GameSessionServiceUnitTest" time="0.003"/>
  <testcase name="deleteSessionByExistingId on deleteSessionByExistingId(com.qa.hwa.service.GameSessionServiceUnitTest)" classname="com.qa.hwa.service.GameSessionServiceUnitTest" time="0.005"/>
  <testcase name="readAllUsersTest on readAllUsersTest(com.qa.hwa.service.UserServiceIntegrationTest)" classname="com.qa.hwa.service.UserServiceIntegrationTest" time="0">
    <skipped/>
    <system-out><![CDATA[2020-05-18 15:26:18.983  INFO 22960 --- [           main] .b.t.c.SpringBootTestContextBootstrapper : Neither @ContextConfiguration nor @ContextHierarchy found for test class [com.qa.hwa.service.UserServiceIntegrationTest], using SpringBootContextLoader
2020-05-18 15:26:18.984  INFO 22960 --- [           main] o.s.t.c.support.AbstractContextLoader    : Could not detect default resource locations for test class [com.qa.hwa.service.UserServiceIntegrationTest]: no resource found for suffixes {-context.xml, Context.groovy}.
2020-05-18 15:26:18.984  INFO 22960 --- [           main] t.c.s.AnnotationConfigContextLoaderUtils : Could not detect default configuration classes for test class [com.qa.hwa.service.UserServiceIntegrationTest]: UserServiceIntegrationTest does not declare any static, non-private, non-final, nested classes annotated with @Configuration.
2020-05-18 15:26:18.986  INFO 22960 --- [           main] .b.t.c.SpringBootTestContextBootstrapper : Found @SpringBootConfiguration com.qa.hwa.App for test class com.qa.hwa.service.UserServiceIntegrationTest
2020-05-18 15:26:18.987  INFO 22960 --- [           main] .b.t.c.SpringBootTestContextBootstrapper : Loaded default TestExecutionListener class names from location [META-INF/spring.factories]: [org.springframework.boot.test.mock.mockito.MockitoTestExecutionListener, org.springframework.boot.test.mock.mockito.ResetMocksTestExecutionListener, org.springframework.boot.test.autoconfigure.restdocs.RestDocsTestExecutionListener, org.springframework.boot.test.autoconfigure.web.client.MockRestServiceServerResetTestExecutionListener, org.springframework.boot.test.autoconfigure.web.servlet.MockMvcPrintOnlyOnFailureTestExecutionListener, org.springframework.boot.test.autoconfigure.web.servlet.WebDriverTestExecutionListener, org.springframework.test.context.web.ServletTestExecutionListener, org.springframework.test.context.support.DirtiesContextBeforeModesTestExecutionListener, org.springframework.test.context.support.DependencyInjectionTestExecutionListener, org.springframework.test.context.support.DirtiesContextTestExecutionListener, org.springframework.test.context.transaction.TransactionalTestExecutionListener, org.springframework.test.context.jdbc.SqlScriptsTestExecutionListener, org.springframework.test.context.event.EventPublishingTestExecutionListener]
2020-05-18 15:26:18.988  INFO 22960 --- [           main] .b.t.c.SpringBootTestContextBootstrapper : Using TestExecutionListeners: [org.springframework.test.context.web.ServletTestExecutionListener@48bafe39, org.springframework.test.context.support.DirtiesContextBeforeModesTestExecutionListener@608c03e3, org.springframework.boot.test.mock.mockito.MockitoTestExecutionListener@1979d616, org.springframework.boot.test.autoconfigure.SpringBootDependencyInjectionTestExecutionListener@6272936b, org.springframework.test.context.support.DirtiesContextTestExecutionListener@7da6e22a, org.springframework.test.context.transaction.TransactionalTestExecutionListener@7db57566, org.springframework.test.context.jdbc.SqlScriptsTestExecutionListener@2aabd5a0, org.springframework.test.context.event.EventPublishingTestExecutionListener@5cb4e255, org.springframework.boot.test.mock.mockito.ResetMocksTestExecutionListener@16c9ec5b, org.springframework.boot.test.autoconfigure.restdocs.RestDocsTestExecutionListener@4001a5a1, org.springframework.boot.test.autoconfigure.web.client.MockRestServiceServerResetTestExecutionListener@34f37ed4, org.springframework.boot.test.autoconfigure.web.servlet.MockMvcPrintOnlyOnFailureTestExecutionListener@4fae8455, org.springframework.boot.test.autoconfigure.web.servlet.WebDriverTestExecutionListener@16dc12cf]
]]></system-out>
  </testcase>
  <testcase name="findUserByIdTest on findUserByIdTest(com.qa.hwa.service.UserServiceIntegrationTest)" classname="com.qa.hwa.service.UserServiceIntegrationTest" time="0">
    <skipped/>
  </testcase>
  <testcase name="updateUserTest on updateUserTest(com.qa.hwa.service.UserServiceIntegrationTest)" classname="com.qa.hwa.service.UserServiceIntegrationTest" time="0">
    <skipped/>
  </testcase>
  <testcase name="createUserTest on createUserTest(com.qa.hwa.service.UserServiceIntegrationTest)" classname="com.qa.hwa.service.UserServiceIntegrationTest" time="0">
    <skipped/>
  </testcase>
  <testcase name="deleteUserTest on deleteUserTest(com.qa.hwa.service.UserServiceIntegrationTest)" classname="com.qa.hwa.service.UserServiceIntegrationTest" time="0.438"/>
  <testcase name="deleteUserByExistingId on deleteUserByExistingId(com.qa.hwa.service.UserServiceUnitTest)" classname="com.qa.hwa.service.UserServiceUnitTest" time="0"/>
  <testcase name="readUserByUsernameTest on readUserByUsernameTest(com.qa.hwa.service.UserServiceUnitTest)" classname="com.qa.hwa.service.UserServiceUnitTest" time="0"/>
  <testcase name="deleteUserByNonExistingId on deleteUserByNonExistingId(com.qa.hwa.service.UserServiceUnitTest)" classname="com.qa.hwa.service.UserServiceUnitTest" time="0"/>
  <testcase name="readUserByNonExistingUsernameTest on readUserByNonExistingUsernameTest(com.qa.hwa.service.UserServiceUnitTest)" classname="com.qa.hwa.service.UserServiceUnitTest" time="0"/>
  <testcase name="readAllUsersTest on readAllUsersTest(com.qa.hwa.service.UserServiceUnitTest)" classname="com.qa.hwa.service.UserServiceUnitTest" time="0.001"/>
  <testcase name="findUserByIdTest on findUserByIdTest(com.qa.hwa.service.UserServiceUnitTest)" classname="com.qa.hwa.service.UserServiceUnitTest" time="0.004"/>
  <testcase name="updateUserTest on updateUserTest(com.qa.hwa.service.UserServiceUnitTest)" classname="com.qa.hwa.service.UserServiceUnitTest" time="0.006"/>
  <testcase name="createUserTest on createUserTest(com.qa.hwa.service.UserServiceUnitTest)" classname="com.qa.hwa.service.UserServiceUnitTest" time="0.011"/>
</testsuite>