<?xml version="1.0" encoding="UTF-8"?>
<!-- Generated by org.testng.reporters.JUnitReportReporter -->
<testsuite hostname="CHAS3-erazer" failures="0" tests="8" name="com.qa.hwa.service.UserServiceUnitTest" time="0.199" errors="0" timestamp="18 May 2020 14:26:19 GMT" skipped="0">
  <testcase classname="com.qa.hwa.service.UserServiceUnitTest" name="findUserByIdTest" time="0.032"/>
  <testcase classname="com.qa.hwa.service.UserServiceUnitTest" name="createUserTest" time="0.050"/>
  <testcase classname="com.qa.hwa.service.UserServiceUnitTest" name="deleteUserByExistingId" time="0.006"/>
  <testcase classname="com.qa.hwa.service.UserServiceUnitTest" name="updateUserTest" time="0.039"/>
  <testcase classname="com.qa.hwa.service.UserServiceUnitTest" name="readUserByNonExistingUsernameTest" time="0.020"/>
  <testcase classname="com.qa.hwa.service.UserServiceUnitTest" name="readAllUsersTest" time="0.025"/>
  <testcase classname="com.qa.hwa.service.UserServiceUnitTest" name="readUserByUsernameTest" time="0.011"/>
  <testcase classname="com.qa.hwa.service.UserServiceUnitTest" name="deleteUserByNonExistingId" time="0.016"/>
</testsuite> <!-- com.qa.hwa.service.UserServiceUnitTest -->
