<?xml version="1.0" encoding="UTF-8"?>
<!-- Generated by org.testng.reporters.JUnitReportReporter -->
<testsuite hostname="CHAS3-erazer" failures="0" tests="8" name="com.qa.hwa.service.GameSessionServiceUnitTest" time="1.937" errors="0" timestamp="18 May 2020 14:26:19 GMT" skipped="1">
  <testcase classname="com.qa.hwa.service.GameSessionServiceUnitTest" name="updateGameSessionTest" time="0.279"/>
  <testcase classname="com.qa.hwa.service.GameSessionServiceUnitTest" name="readUserByNonExistingUsernameTest" time="0.269"/>
  <testcase classname="com.qa.hwa.service.GameSessionServiceUnitTest" name="createGameSessionTest" time="0.259"/>
  <testcase classname="com.qa.hwa.service.GameSessionServiceUnitTest" name="readUserByUsernameTest" time="0.265"/>
  <testcase classname="com.qa.hwa.service.GameSessionServiceUnitTest" name="readAllSessionsTest" time="0.289"/>
  <testcase classname="com.qa.hwa.service.GameSessionServiceUnitTest" name="deleteSessionByExistingId" time="0.294"/>
  <testcase classname="com.qa.hwa.service.GameSessionServiceUnitTest" name="deleteSessionByNonExistingId" time="0.282"/>
  <testcase classname="com.qa.hwa.service.GameSessionServiceUnitTest" name="readAUsersGameSessionsTest" time="0.000">
    <skipped/>
  </testcase> <!-- readAUsersGameSessionsTest -->
</testsuite> <!-- com.qa.hwa.service.GameSessionServiceUnitTest -->
