<?xml version="1.0" encoding="UTF-8"?>
<!-- Generated by org.testng.reporters.JUnitReportReporter -->
<testsuite hostname="CHAS3-erazer" failures="0" tests="6" name="com.qa.hwa.rest.GameSessionControllerUnitTest" time="1.524" errors="0" timestamp="18 May 2020 14:26:19 GMT" skipped="0">
  <testcase classname="com.qa.hwa.rest.GameSessionControllerUnitTest" name="createGameSessionTest" time="0.232"/>
  <testcase classname="com.qa.hwa.rest.GameSessionControllerUnitTest" name="deleteUserTestTrue" time="0.264"/>
  <testcase classname="com.qa.hwa.rest.GameSessionControllerUnitTest" name="deleteUserTestFalse" time="0.258"/>
  <testcase classname="com.qa.hwa.rest.GameSessionControllerUnitTest" name="updateGameSessionTest" time="0.244"/>
  <testcase classname="com.qa.hwa.rest.GameSessionControllerUnitTest" name="getAUsersGameSessionsTest" time="0.275"/>
  <testcase classname="com.qa.hwa.rest.GameSessionControllerUnitTest" name="getAllGameSessionsTest" time="0.251"/>
</testsuite> <!-- com.qa.hwa.rest.GameSessionControllerUnitTest -->
