<?xml version="1.0" encoding="UTF-8"?>
<!-- Generated by org.testng.reporters.JUnitReportReporter -->
<testsuite hostname="CHAS3-erazer" failures="0" tests="25" name="com.qa.hwa.domain.UserUnitTest" time="0.179" errors="0" timestamp="18 May 2020 14:26:19 GMT" skipped="0">
  <testcase classname="com.qa.hwa.domain.UserUnitTest" name="hashCodeTest" time="0.008"/>
  <testcase classname="com.qa.hwa.domain.UserUnitTest" name="otherTimeRemainingDifferent" time="0.009"/>
  <testcase classname="com.qa.hwa.domain.UserUnitTest" name="hashCodeTestWithNull" time="0.009"/>
  <testcase classname="com.qa.hwa.domain.UserUnitTest" name="nullTimeRemainingOnBoth" time="0.006"/>
  <testcase classname="com.qa.hwa.domain.UserUnitTest" name="usernameNullButOtherNameNotNull" time="0.005"/>
  <testcase classname="com.qa.hwa.domain.UserUnitTest" name="notEqualsWithNull" time="0.006"/>
  <testcase classname="com.qa.hwa.domain.UserUnitTest" name="nullTotalTimePlayed" time="0.009"/>
  <testcase classname="com.qa.hwa.domain.UserUnitTest" name="nullId" time="0.006"/>
  <testcase classname="com.qa.hwa.domain.UserUnitTest" name="nullFreeTime" time="0.005"/>
  <testcase classname="com.qa.hwa.domain.UserUnitTest" name="nullTotalTimePlayedOnBoth" time="0.008"/>
  <testcase classname="com.qa.hwa.domain.UserUnitTest" name="otherTotalTimePlayedDifferent" time="0.009"/>
  <testcase classname="com.qa.hwa.domain.UserUnitTest" name="checkEquality" time="0.006"/>
  <testcase classname="com.qa.hwa.domain.UserUnitTest" name="gettersAndSettersTest" time="0.006"/>
  <testcase classname="com.qa.hwa.domain.UserUnitTest" name="notEqualsWithDifferentObject" time="0.006"/>
  <testcase classname="com.qa.hwa.domain.UserUnitTest" name="otherIdDifferent" time="0.009"/>
  <testcase classname="com.qa.hwa.domain.UserUnitTest" name="checkEqualityBetweenDifferentObjects" time="0.005"/>
  <testcase classname="com.qa.hwa.domain.UserUnitTest" name="checkEqualityBetweenDifferentObjectsNullUsername" time="0.006"/>
  <testcase classname="com.qa.hwa.domain.UserUnitTest" name="usernameNotEqual" time="0.009"/>
  <testcase classname="com.qa.hwa.domain.UserUnitTest" name="otherFreeTimeDifferent" time="0.008"/>
  <testcase classname="com.qa.hwa.domain.UserUnitTest" name="nullTimeRemaining" time="0.008"/>
  <testcase classname="com.qa.hwa.domain.UserUnitTest" name="nullFreeTimeOnBoth" time="0.006"/>
  <testcase classname="com.qa.hwa.domain.UserUnitTest" name="constructorUserWithId" time="0.009"/>
  <testcase classname="com.qa.hwa.domain.UserUnitTest" name="nullIdOnBoth" time="0.008"/>
  <testcase classname="com.qa.hwa.domain.UserUnitTest" name="constructorWithoutId" time="0.005"/>
  <testcase classname="com.qa.hwa.domain.UserUnitTest" name="emptyConstructor" time="0.008"/>
</testsuite> <!-- com.qa.hwa.domain.UserUnitTest -->
