<?xml version="1.0" encoding="UTF-8"?>
<!-- Generated by org.testng.reporters.JUnitReportReporter -->
<testsuite hostname="CHAS3-erazer" failures="0" tests="1" name="com.qa.hwa.AppTest" time="9.711" errors="0" timestamp="18 May 2020 14:26:19 GMT" skipped="0">
  <testcase classname="com.qa.hwa.AppTest" name="shouldAnswerWithTrue" time="9.711"/>
</testsuite> <!-- com.qa.hwa.AppTest -->
