<?xml version="1.0" encoding="UTF-8"?>
<!-- Generated by org.testng.reporters.JUnitReportReporter -->
<testsuite hostname="CHAS3-erazer" failures="0" tests="25" name="com.qa.hwa.dto.GameSessionDTOUnitTest" time="0.195" errors="0" timestamp="18 May 2020 14:26:19 GMT" skipped="2">
  <testcase classname="com.qa.hwa.dto.GameSessionDTOUnitTest" name="checkEqualityBetweenDifferentObjects" time="0.009"/>
  <testcase classname="com.qa.hwa.dto.GameSessionDTOUnitTest" name="notEqualsWithNull" time="0.009"/>
  <testcase classname="com.qa.hwa.dto.GameSessionDTOUnitTest" name="usernameNotEqual" time="0.008"/>
  <testcase classname="com.qa.hwa.dto.GameSessionDTOUnitTest" name="checkEqualityBetweenDifferentObjectsNullUsername" time="0.000">
    <skipped/>
  </testcase> <!-- checkEqualityBetweenDifferentObjectsNullUsername -->
  <testcase classname="com.qa.hwa.dto.GameSessionDTOUnitTest" name="checkEquality" time="0.008"/>
  <testcase classname="com.qa.hwa.dto.GameSessionDTOUnitTest" name="otherGameNameDifferent" time="0.009"/>
  <testcase classname="com.qa.hwa.dto.GameSessionDTOUnitTest" name="nullId" time="0.008"/>
  <testcase classname="com.qa.hwa.dto.GameSessionDTOUnitTest" name="nullIdOnBoth" time="0.008"/>
  <testcase classname="com.qa.hwa.dto.GameSessionDTOUnitTest" name="nullTimePlayed" time="0.009"/>
  <testcase classname="com.qa.hwa.dto.GameSessionDTOUnitTest" name="usernameNullButOtherNameNotNull" time="0.000">
    <skipped/>
  </testcase> <!-- usernameNullButOtherNameNotNull -->
  <testcase classname="com.qa.hwa.dto.GameSessionDTOUnitTest" name="nullTimeOfSession" time="0.008"/>
  <testcase classname="com.qa.hwa.dto.GameSessionDTOUnitTest" name="otherTimePlayedDifferent" time="0.008"/>
  <testcase classname="com.qa.hwa.dto.GameSessionDTOUnitTest" name="nullGameName" time="0.010"/>
  <testcase classname="com.qa.hwa.dto.GameSessionDTOUnitTest" name="nullGameNameOnBoth" time="0.008"/>
  <testcase classname="com.qa.hwa.dto.GameSessionDTOUnitTest" name="constructorUserWithId" time="0.008"/>
  <testcase classname="com.qa.hwa.dto.GameSessionDTOUnitTest" name="notEqualsWithDifferentObject" time="0.008"/>
  <testcase classname="com.qa.hwa.dto.GameSessionDTOUnitTest" name="hashCodeTestWithNull" time="0.008"/>
  <testcase classname="com.qa.hwa.dto.GameSessionDTOUnitTest" name="otherIdDifferent" time="0.008"/>
  <testcase classname="com.qa.hwa.dto.GameSessionDTOUnitTest" name="otherTimeOfSessionDifferent" time="0.008"/>
  <testcase classname="com.qa.hwa.dto.GameSessionDTOUnitTest" name="gettersAndSettersTest" time="0.008"/>
  <testcase classname="com.qa.hwa.dto.GameSessionDTOUnitTest" name="nullTimePlayedOnBoth" time="0.009"/>
  <testcase classname="com.qa.hwa.dto.GameSessionDTOUnitTest" name="nullTimeOfSessionBoth" time="0.009"/>
  <testcase classname="com.qa.hwa.dto.GameSessionDTOUnitTest" name="constructorWithoutId" time="0.010"/>
  <testcase classname="com.qa.hwa.dto.GameSessionDTOUnitTest" name="hashCodeTest" time="0.009"/>
  <testcase classname="com.qa.hwa.dto.GameSessionDTOUnitTest" name="emptyConstructor" time="0.008"/>
</testsuite> <!-- com.qa.hwa.dto.GameSessionDTOUnitTest -->
