<?xml version="1.0" encoding="UTF-8"?>
<!-- Generated by org.testng.reporters.JUnitReportReporter -->
<testsuite hostname="CHAS3-erazer" failures="0" tests="5" name="com.qa.hwa.rest.GameSessionControllerIntegrationTest" time="3.913" errors="0" timestamp="18 May 2020 14:26:19 GMT" skipped="4">
  <testcase classname="com.qa.hwa.rest.GameSessionControllerIntegrationTest" name="getAllGameSessionsTest" time="0.000">
    <skipped/>
  </testcase> <!-- getAllGameSessionsTest -->
  <testcase classname="com.qa.hwa.rest.GameSessionControllerIntegrationTest" name="deleteGameSessionTest" time="3.913"/>
  <testcase classname="com.qa.hwa.rest.GameSessionControllerIntegrationTest" name="createSessionsTest" time="0.000">
    <skipped/>
  </testcase> <!-- createSessionsTest -->
  <testcase classname="com.qa.hwa.rest.GameSessionControllerIntegrationTest" name="updateGameSessionTest" time="0.000">
    <skipped/>
  </testcase> <!-- updateGameSessionTest -->
  <testcase classname="com.qa.hwa.rest.GameSessionControllerIntegrationTest" name="getAUsersGameSessionsTest" time="0.000">
    <skipped/>
  </testcase> <!-- getAUsersGameSessionsTest -->
</testsuite> <!-- com.qa.hwa.rest.GameSessionControllerIntegrationTest -->
