<?xml version="1.0" encoding="UTF-8"?>
<!-- Generated by org.testng.reporters.JUnitReportReporter -->
<testsuite hostname="CHAS3-erazer" failures="0" tests="25" name="com.qa.hwa.domain.GameSessionUnitTest" time="0.238" errors="0" timestamp="18 May 2020 14:26:19 GMT" skipped="0">
  <testcase classname="com.qa.hwa.domain.GameSessionUnitTest" name="hashCodeTest" time="0.011"/>
  <testcase classname="com.qa.hwa.domain.GameSessionUnitTest" name="constructorWithoutId" time="0.008"/>
  <testcase classname="com.qa.hwa.domain.GameSessionUnitTest" name="checkEqualityBetweenDifferentObjects" time="0.008"/>
  <testcase classname="com.qa.hwa.domain.GameSessionUnitTest" name="checkEquality" time="0.008"/>
  <testcase classname="com.qa.hwa.domain.GameSessionUnitTest" name="emptyConstructor" time="0.009"/>
  <testcase classname="com.qa.hwa.domain.GameSessionUnitTest" name="nullIdOnBoth" time="0.009"/>
  <testcase classname="com.qa.hwa.domain.GameSessionUnitTest" name="otherGameNameDifferent" time="0.011"/>
  <testcase classname="com.qa.hwa.domain.GameSessionUnitTest" name="nullId" time="0.009"/>
  <testcase classname="com.qa.hwa.domain.GameSessionUnitTest" name="hashCodeTestWithNull" time="0.013"/>
  <testcase classname="com.qa.hwa.domain.GameSessionUnitTest" name="nullTimeOfSessionBoth" time="0.012"/>
  <testcase classname="com.qa.hwa.domain.GameSessionUnitTest" name="nullTimePlayed" time="0.009"/>
  <testcase classname="com.qa.hwa.domain.GameSessionUnitTest" name="otherTimePlayedDifferent" time="0.013"/>
  <testcase classname="com.qa.hwa.domain.GameSessionUnitTest" name="nullTimeOfSession" time="0.011"/>
  <testcase classname="com.qa.hwa.domain.GameSessionUnitTest" name="gettersAndSettersTest" time="0.009"/>
  <testcase classname="com.qa.hwa.domain.GameSessionUnitTest" name="usernameNullButOtherNameNotNull" time="0.007"/>
  <testcase classname="com.qa.hwa.domain.GameSessionUnitTest" name="checkEqualityBetweenDifferentObjectsNullUsername" time="0.008"/>
  <testcase classname="com.qa.hwa.domain.GameSessionUnitTest" name="notEqualsWithDifferentObject" time="0.008"/>
  <testcase classname="com.qa.hwa.domain.GameSessionUnitTest" name="notEqualsWithNull" time="0.008"/>
  <testcase classname="com.qa.hwa.domain.GameSessionUnitTest" name="otherIdDifferent" time="0.012"/>
  <testcase classname="com.qa.hwa.domain.GameSessionUnitTest" name="usernameNotEqual" time="0.012"/>
  <testcase classname="com.qa.hwa.domain.GameSessionUnitTest" name="nullTimePlayedOnBoth" time="0.008"/>
  <testcase classname="com.qa.hwa.domain.GameSessionUnitTest" name="constructorUserWithId" time="0.010"/>
  <testcase classname="com.qa.hwa.domain.GameSessionUnitTest" name="otherTimeOfSessionDifferent" time="0.011"/>
  <testcase classname="com.qa.hwa.domain.GameSessionUnitTest" name="nullGameName" time="0.007"/>
  <testcase classname="com.qa.hwa.domain.GameSessionUnitTest" name="nullGameNameOnBoth" time="0.007"/>
</testsuite> <!-- com.qa.hwa.domain.GameSessionUnitTest -->
