<?xml version="1.0" encoding="UTF-8"?>
<!-- Generated by org.testng.reporters.JUnitReportReporter -->
<testsuite hostname="CHAS3-erazer" failures="0" tests="7" name="com.qa.hwa.rest.UserControllerUnitTest" time="0.689" errors="0" timestamp="18 May 2020 14:26:19 GMT" skipped="0">
  <testcase classname="com.qa.hwa.rest.UserControllerUnitTest" name="getUserByUsernameTest" time="0.111"/>
  <testcase classname="com.qa.hwa.rest.UserControllerUnitTest" name="getUserByIdTest" time="0.122"/>
  <testcase classname="com.qa.hwa.rest.UserControllerUnitTest" name="deleteUserTestTrue" time="0.102"/>
  <testcase classname="com.qa.hwa.rest.UserControllerUnitTest" name="updateUserTest" time="0.093"/>
  <testcase classname="com.qa.hwa.rest.UserControllerUnitTest" name="deleteUserTestFalse" time="0.084"/>
  <testcase classname="com.qa.hwa.rest.UserControllerUnitTest" name="getAllUsersTest" time="0.080"/>
  <testcase classname="com.qa.hwa.rest.UserControllerUnitTest" name="createUserTest" time="0.097"/>
</testsuite> <!-- com.qa.hwa.rest.UserControllerUnitTest -->
