<?xml version="1.0" encoding="UTF-8"?>
<!-- Generated by org.testng.reporters.JUnitReportReporter -->
<testsuite hostname="CHAS3-erazer" failures="0" tests="5" name="com.qa.hwa.rest.UserControllerIntegrationTest" time="0.000" errors="0" timestamp="18 May 2020 14:26:19 GMT" skipped="5">
  <testcase classname="com.qa.hwa.rest.UserControllerIntegrationTest" name="deleteUserTest" time="0.000">
    <skipped/>
  </testcase> <!-- deleteUserTest -->
  <testcase classname="com.qa.hwa.rest.UserControllerIntegrationTest" name="createUsersTest" time="0.000">
    <skipped/>
  </testcase> <!-- createUsersTest -->
  <testcase classname="com.qa.hwa.rest.UserControllerIntegrationTest" name="getAllUsersTest" time="0.000">
    <skipped/>
  </testcase> <!-- getAllUsersTest -->
  <testcase classname="com.qa.hwa.rest.UserControllerIntegrationTest" name="updateUserTest" time="0.000">
    <skipped/>
  </testcase> <!-- updateUserTest -->
  <testcase classname="com.qa.hwa.rest.UserControllerIntegrationTest" name="getUserByIdTest" time="0.000">
    <skipped/>
  </testcase> <!-- getUserByIdTest -->
</testsuite> <!-- com.qa.hwa.rest.UserControllerIntegrationTest -->
