<?xml version="1.0" encoding="UTF-8"?>
<!-- Generated by org.testng.reporters.JUnitReportReporter -->
<testsuite hostname="CHAS3-erazer" failures="0" tests="6" name="com.qa.hwa.service.GameSessionServiceIntegrationTest" time="3.231" errors="0" timestamp="18 May 2020 14:26:19 GMT" skipped="5">
  <testcase classname="com.qa.hwa.service.GameSessionServiceIntegrationTest" name="deleteGameSessionTest" time="3.231"/>
  <testcase classname="com.qa.hwa.service.GameSessionServiceIntegrationTest" name="updateGameSessionTest" time="0.000">
    <skipped/>
  </testcase> <!-- updateGameSessionTest -->
  <testcase classname="com.qa.hwa.service.GameSessionServiceIntegrationTest" name="createGameSessionTest" time="0.000">
    <skipped/>
  </testcase> <!-- createGameSessionTest -->
  <testcase classname="com.qa.hwa.service.GameSessionServiceIntegrationTest" name="readAllGameSessionsTest" time="0.000">
    <skipped/>
  </testcase> <!-- readAllGameSessionsTest -->
  <testcase classname="com.qa.hwa.service.GameSessionServiceIntegrationTest" name="findUserByUsernameTest" time="0.000">
    <skipped/>
  </testcase> <!-- findUserByUsernameTest -->
  <testcase classname="com.qa.hwa.service.GameSessionServiceIntegrationTest" name="readAUsersGameSessionsTest" time="0.000">
    <skipped/>
  </testcase> <!-- readAUsersGameSessionsTest -->
</testsuite> <!-- com.qa.hwa.service.GameSessionServiceIntegrationTest -->
