<?xml version="1.0" encoding="UTF-8"?>
<!-- Generated by org.testng.reporters.JUnitReportReporter -->
<testsuite hostname="CHAS3-erazer" failures="0" tests="5" name="com.qa.hwa.service.UserServiceIntegrationTest" time="0.475" errors="0" timestamp="18 May 2020 14:26:19 GMT" skipped="4">
  <testcase classname="com.qa.hwa.service.UserServiceIntegrationTest" name="deleteUserTest" time="0.475"/>
  <testcase classname="com.qa.hwa.service.UserServiceIntegrationTest" name="findUserByIdTest" time="0.000">
    <skipped/>
  </testcase> <!-- findUserByIdTest -->
  <testcase classname="com.qa.hwa.service.UserServiceIntegrationTest" name="createUserTest" time="0.000">
    <skipped/>
  </testcase> <!-- createUserTest -->
  <testcase classname="com.qa.hwa.service.UserServiceIntegrationTest" name="readAllUsersTest" time="0.000">
    <skipped/>
  </testcase> <!-- readAllUsersTest -->
  <testcase classname="com.qa.hwa.service.UserServiceIntegrationTest" name="updateUserTest" time="0.000">
    <skipped/>
  </testcase> <!-- updateUserTest -->
</testsuite> <!-- com.qa.hwa.service.UserServiceIntegrationTest -->
