<?xml version="1.0" encoding="UTF-8"?>
<!-- Generated by org.testng.reporters.JUnitReportReporter -->
<testsuite hostname="CHAS3-erazer" failures="0" tests="25" name="com.qa.hwa.dto.UserDTOUnitTest" time="0.123" errors="0" timestamp="18 May 2020 14:26:19 GMT" skipped="0">
  <testcase classname="com.qa.hwa.dto.UserDTOUnitTest" name="usernameNotEqual" time="0.006"/>
  <testcase classname="com.qa.hwa.dto.UserDTOUnitTest" name="nullFreeTimeOnBoth" time="0.004"/>
  <testcase classname="com.qa.hwa.dto.UserDTOUnitTest" name="otherFreeTimeDifferent" time="0.005"/>
  <testcase classname="com.qa.hwa.dto.UserDTOUnitTest" name="usernameNullButOtherNameNotNull" time="0.004"/>
  <testcase classname="com.qa.hwa.dto.UserDTOUnitTest" name="checkEqualityBetweenDifferentObjectsNullUsername" time="0.005"/>
  <testcase classname="com.qa.hwa.dto.UserDTOUnitTest" name="otherTimeRemainingDifferent" time="0.005"/>
  <testcase classname="com.qa.hwa.dto.UserDTOUnitTest" name="gettersAndSettersTest" time="0.005"/>
  <testcase classname="com.qa.hwa.dto.UserDTOUnitTest" name="emptyConstructor" time="0.005"/>
  <testcase classname="com.qa.hwa.dto.UserDTOUnitTest" name="constructorWithoutId" time="0.005"/>
  <testcase classname="com.qa.hwa.dto.UserDTOUnitTest" name="constructorUserWithId" time="0.005"/>
  <testcase classname="com.qa.hwa.dto.UserDTOUnitTest" name="nullTotalTimePlayed" time="0.005"/>
  <testcase classname="com.qa.hwa.dto.UserDTOUnitTest" name="notEqualsWithNull" time="0.006"/>
  <testcase classname="com.qa.hwa.dto.UserDTOUnitTest" name="nullIdOnBoth" time="0.005"/>
  <testcase classname="com.qa.hwa.dto.UserDTOUnitTest" name="otherIdDifferent" time="0.005"/>
  <testcase classname="com.qa.hwa.dto.UserDTOUnitTest" name="nullTimeRemainingOnBoth" time="0.005"/>
  <testcase classname="com.qa.hwa.dto.UserDTOUnitTest" name="nullFreeTime" time="0.005"/>
  <testcase classname="com.qa.hwa.dto.UserDTOUnitTest" name="nullTotalTimePlayedOnBoth" time="0.005"/>
  <testcase classname="com.qa.hwa.dto.UserDTOUnitTest" name="nullId" time="0.004"/>
  <testcase classname="com.qa.hwa.dto.UserDTOUnitTest" name="checkEqualityBetweenDifferentObjects" time="0.005"/>
  <testcase classname="com.qa.hwa.dto.UserDTOUnitTest" name="checkEquality" time="0.005"/>
  <testcase classname="com.qa.hwa.dto.UserDTOUnitTest" name="notEqualsWithDifferentObject" time="0.004"/>
  <testcase classname="com.qa.hwa.dto.UserDTOUnitTest" name="hashCodeTestWithNull" time="0.005"/>
  <testcase classname="com.qa.hwa.dto.UserDTOUnitTest" name="hashCodeTest" time="0.006"/>
  <testcase classname="com.qa.hwa.dto.UserDTOUnitTest" name="otherTotalTimePlayedDifferent" time="0.005"/>
  <testcase classname="com.qa.hwa.dto.UserDTOUnitTest" name="nullTimeRemaining" time="0.004"/>
</testsuite> <!-- com.qa.hwa.dto.UserDTOUnitTest -->
